
                           Design Compiler Graphical 
                                 DC Ultra (TM)
                                  DFTMAX (TM)
                              Power Compiler (TM)
                                 DesignWare (R)
                                 DC Expert (TM)
                               Design Vision (TM)
                               HDL Compiler (TM)
                               VHDL Compiler (TM)
                                  DFT Compiler
                               Design Compiler(R)

               Version U-2022.12-SP7 for linux64 - Oct 10, 2023 

                    Copyright (c) 1988 - 2023 Synopsys, Inc.
   This software and the associated documentation are proprietary to Synopsys,
 Inc. This software may only be used in accordance with the terms and conditions
 of a written license agreement with Synopsys, Inc. All other use, reproduction,
   or distribution of this software is strictly prohibited.  Licensed Products
     communicate with Synopsys servers for the purpose of providing software
    updates, detecting software piracy and verifying that customers are using
    Licensed Products in conformity with the applicable License Key for such
  Licensed Products. Synopsys will use information gathered in connection with
    this process to deliver software updates and pursue software pirates and
                                   infringers.

 Inclusivity & Diversity - Visit SolvNetPlus to read the "Synopsys Statement on
            Inclusivity and Diversity" (Refer to article 000036315 at
                        https://solvnetplus.synopsys.com)
Initializing...
Current time:       Sun Apr 12 01:10:42 2026
Hostname:           cobalt.clear8.rice.edu
CPU Model:          Intel(R) Xeon(R) CPU E5-2640 v4 @ 2.40GHz
CPU Details:        Cores = 40 : Sockets = 2 : Cache Size = 25600 KB : Freq = 3.40 GHz
OS:                 Linux 4.18.0-553.89.1.el8_10.x86_64
RAM:                125 GB (Free  12 GB)
Swap:                15 GB (Free  15 GB)
Work Filesystem:    /storage-home/y/yz305 mounted to clearstor.clear.rice.edu:/clear-home/yz305
Tmp Filesystem:     /tmp mounted to /dev/mapper/vg0-tmp
Work Disk:          5038 GB (Free 814 GB)
Tmp Disk:             5 GB (Free   5 GB)

CPU Load: 5%, Ram Free: 12 GB, Swap Free: 15 GB, Work Disk Free: 814 GB, Tmp Disk Free: 5 GB
#/**************************************************/
#/* Compile Script for Synopsys                    */
#/*                                                */
#/* dc_shell-t -f compile_dc.tcl                   */
#/*                                                */
#/* OSU FreePDK 45nm                               */
#/* Modified for OSU ami05 - Rice U. 2018          */
#/*                                                */
#/**************************************************/
#/* User Input Data Section: List files, module, clock, frequency below. */
#/* Edit this part only of the file.                                     */
#/* Add all verilog files, separated by spaces after keyword "list"      */
set my_verilog_files [list vending_fsm.v vending_top.v vending_datapath.v]
vending_fsm.v vending_top.v vending_datapath.v
#/* Top-level Module Name update                             */
set my_toplevel vending_top
vending_top
#/* The name of the clock pin. If no clock-pin     */
#/* exists, pick anything                          */
#/* For two phase clock, just list clka here       */
set my_clock_pin clka
clka
#/* Target frequency in MHz for optimization       */
set my_clk_freq_MHz 50
50
#/* Delay of input signals (Clock-to-Q, Package etc.)  */
set my_input_delay_ns 1
1
#/* Reserved time for output signals (Holdtime etc.)   */
set my_output_delay_ns 1
1
#/********************************************************************/
#/********************************************************************/
#/* No modifications needed below. Do not edit or remove.            */
#/*                                                                  */
#/* Paths updated for Rice U. on CLEAR cluster 2018.                 */
#/********************************************************************/
#/********************************************************************/
#/* Start of Synopsys library cells location data.               */
set OSUcells "/clear/apps/osu/soc/synopsys/lib/ami05"
/clear/apps/osu/soc/synopsys/lib/ami05
set search_path [concat  $search_path $OSUcells]
. /clear/apps/synopsys-2023/syn/latest/libraries/syn /clear/apps/synopsys-2023/syn/latest/dw/syn_ver /clear/apps/synopsys-2023/syn/latest/dw/sim_ver /clear/apps/osu/soc/synopsys/lib/ami05
set alib_library_analysis_path $OSUcells
/clear/apps/osu/soc/synopsys/lib/ami05
set link_library [set target_library [concat  [list osu05_stdcells.db] [list dw_foundation.sldb]]]
osu05_stdcells.db dw_foundation.sldb
set target_library "osu05_stdcells.db"
osu05_stdcells.db
#/* End of Synopsys library cells location data.                  */
define_design_lib WORK -path ./WORK
1
set verilogout_show_unconnected_pins "true"
true
analyze -f verilog $my_verilog_files
Running PRESTO HDLC
Compiling source file ./vending_fsm.v
Compiling source file ./vending_top.v
Compiling source file ./vending_datapath.v
Presto compilation completed successfully.
Loading db file '/clear/apps/osu/soc/synopsys/lib/ami05/osu05_stdcells.db'
Loading db file '/clear/apps/synopsys-2023/syn/latest/libraries/syn/dw_foundation.sldb'
1
elaborate $my_toplevel
Loading db file '/clear/apps/synopsys-2023/syn/latest/libraries/syn/gtech.db'
Loading db file '/clear/apps/synopsys-2023/syn/latest/libraries/syn/standard.sldb'
  Loading link library 'osu05_stdcells'
  Loading link library 'gtech'
Running PRESTO HDLC
Presto compilation completed successfully. (vending_top)
Elaborated 1 design.
Current design is now 'vending_top'.
Information: Building the design 'vending_fsm'. (HDL-193)
Warning:  ./vending_fsm.v:134: DEFAULT branch of CASE statement cannot be reached. (ELAB-311)

Statistics for case statements in always block at line 88 in file
	'./vending_fsm.v'
===============================================
|           Line           |  full/ parallel  |
===============================================
|            90            |    auto/auto     |
===============================================

Statistics for case statements in always block at line 139 in file
	'./vending_fsm.v'
===============================================
|           Line           |  full/ parallel  |
===============================================
|           141            |    auto/auto     |
===============================================

Statistics for case statements in always block at line 183 in file
	'./vending_fsm.v'
===============================================
|           Line           |  full/ parallel  |
===============================================
|           224            |    auto/auto     |
|           285            |     no/auto      |
===============================================

Inferred memory devices in process
	in routine vending_fsm line 73 in file
		'./vending_fsm.v'.
===============================================================================
|    Register Name    |   Type    | Width | Bus | MB | AR | AS | SR | SS | ST |
===============================================================================
|      state_reg      | Flip-flop |   3   |  Y  | N  | N  | N  | N  | N  | N  |
===============================================================================

Inferred memory devices in process
	in routine vending_fsm line 80 in file
		'./vending_fsm.v'.
===============================================================================
|    Register Name    |   Type    | Width | Bus | MB | AR | AS | SR | SS | ST |
===============================================================================
|     cstate_reg      | Flip-flop |   3   |  Y  | N  | N  | N  | N  | N  | N  |
===============================================================================

Inferred memory devices in process
	in routine vending_fsm line 183 in file
		'./vending_fsm.v'.
====================================================================================
|      Register Name       |   Type    | Width | Bus | MB | AR | AS | SR | SS | ST |
====================================================================================
| do_load_rem_from_bal_reg | Flip-flop |   1   |  N  | N  | N  | N  | N  | N  | N  |
|     dispense_id_reg      | Flip-flop |   2   |  Y  | N  | N  | N  | N  | N  | N  |
|     status_code_reg      | Flip-flop |   2   |  Y  | N  | N  | N  | N  | N  | N  |
|     change_type_reg      | Flip-flop |   2   |  Y  | N  | N  | N  | N  | N  | N  |
|    chg_done_pulse_reg    | Flip-flop |   1   |  N  | N  | N  | N  | N  | N  | N  |
|     change_pulse_reg     | Flip-flop |   1   |  N  | N  | N  | N  | N  | N  | N  |
|    dispense_valid_reg    | Flip-flop |   1   |  N  | N  | N  | N  | N  | N  | N  |
|  change_start_pulse_reg  | Flip-flop |   1   |  N  | N  | N  | N  | N  | N  | N  |
|   do_clear_balance_reg   | Flip-flop |   1   |  N  | N  | N  | N  | N  | N  | N  |
|      chg_denom_reg       | Flip-flop |   2   |  Y  | N  | N  | N  | N  | N  | N  |
|    chg_sub_pulse_reg     | Flip-flop |   1   |  N  | N  | N  | N  | N  | N  | N  |
|       err_code_reg       | Flip-flop |   2   |  Y  | N  | N  | N  | N  | N  | N  |
|     do_add_coin_reg      | Flip-flop |   1   |  N  | N  | N  | N  | N  | N  | N  |
|     do_latch_sel_reg     | Flip-flop |   1   |  N  | N  | N  | N  | N  | N  | N  |
|      do_dec_inv_reg      | Flip-flop |   1   |  N  | N  | N  | N  | N  | N  | N  |
|  do_compute_change_reg   | Flip-flop |   1   |  N  | N  | N  | N  | N  | N  | N  |
====================================================================================
Presto compilation completed successfully. (vending_fsm)
Information: Building the design 'vending_datapath'. (HDL-193)

Statistics for case statements in always block at line 78 in file
	'./vending_datapath.v'
===============================================
|           Line           |  full/ parallel  |
===============================================
|           109            |    auto/auto     |
===============================================

Inferred memory devices in process
	in routine vending_datapath line 78 in file
		'./vending_datapath.v'.
===============================================================================
|    Register Name    |   Type    | Width | Bus | MB | AR | AS | SR | SS | ST |
===============================================================================
|      price_reg      | Flip-flop |  24   |  Y  | N  | N  | N  | N  | N  | N  |
|       inv_reg       | Flip-flop |  16   |  Y  | N  | N  | N  | N  | N  | N  |
|   change_bank_reg   | Flip-flop |   6   |  Y  | N  | N  | N  | N  | N  | N  |
|     balance_reg     | Flip-flop |   6   |  Y  | N  | N  | N  | N  | N  | N  |
|   change_rem_reg    | Flip-flop |   6   |  Y  | N  | N  | N  | N  | N  | N  |
|     sel_reg_reg     | Flip-flop |   2   |  Y  | N  | N  | N  | N  | N  | N  |
===============================================================================
Statistics for MUX_OPs
=========================================================
|  block name/line    | Inputs | Outputs | # sel inputs |
=========================================================
| vending_datapath/55 |   4    |    6    |      2       |
| vending_datapath/56 |   4    |    4    |      2       |
=========================================================
Presto compilation completed successfully. (vending_datapath)
1
current_design $my_toplevel
Current design is 'vending_top'.
{vending_top}
link

  Linking design 'vending_top'
  Using the following designs and libraries:
  --------------------------------------------------------------------------
  osu05_stdcells (library)    /clear/apps/osu/soc/synopsys/lib/ami05/osu05_stdcells.db
  dw_foundation.sldb (library) /clear/apps/synopsys-2023/syn/latest/libraries/syn/dw_foundation.sldb

1
uniquify
1
set my_period [expr 1000 / $my_clk_freq_MHz]
20
set find_clock [ find port [list $my_clock_pin] ]
{clka}
if {  $find_clock != [list] } {
   set clk_name $my_clock_pin
   create_clock -period $my_period $clk_name
} else {
   set clk_name vclk
   create_clock -period $my_period -name $clk_name
}
1
set_driving_cell  -lib_cell INVX1  [all_inputs]
Warning: Design rule attributes from the driving cell will be set on the port 'clka'. (UID-401)
Warning: Design rule attributes from the driving cell will be set on the port 'clkb'. (UID-401)
Warning: Design rule attributes from the driving cell will be set on the port 'rst_n'. (UID-401)
Warning: Design rule attributes from the driving cell will be set on the port 'coin_valid'. (UID-401)
Warning: Design rule attributes from the driving cell will be set on the port 'coin_type[1]'. (UID-401)
Warning: Design rule attributes from the driving cell will be set on the port 'coin_type[0]'. (UID-401)
Warning: Design rule attributes from the driving cell will be set on the port 'sel_valid'. (UID-401)
Warning: Design rule attributes from the driving cell will be set on the port 'sel_id[1]'. (UID-401)
Warning: Design rule attributes from the driving cell will be set on the port 'sel_id[0]'. (UID-401)
Warning: Design rule attributes from the driving cell will be set on the port 'cancel'. (UID-401)
1
set_input_delay $my_input_delay_ns -clock $clk_name [remove_from_collection [all_inputs] $my_clock_pin]
1
set_output_delay $my_output_delay_ns -clock $clk_name [all_outputs]
1
compile -ungroup_all -map_effort medium
CPU Load: 5%, Ram Free: 12 GB, Swap Free: 15 GB, Work Disk Free: 814 GB, Tmp Disk Free: 5 GB
Information: Checking out the license 'DesignWare'. (SEC-104)
Information: Evaluating DesignWare library utilization. (UISN-27)

============================================================================
| DesignWare Building Block Library  |         Version         | Available |
============================================================================
| Basic DW Building Blocks           | U-2022.12-DWBB_202212.5 |     *     |
| Licensed DW Building Blocks        | U-2022.12-DWBB_202212.5 |     *     |
============================================================================

====================================================================================================
| Flow Information                                                                                 |
----------------------------------------------------------------------------------------------------
| Flow         | Design Compiler                                                                   |
====================================================================================================
| Design Information                                      | Value                                  |
====================================================================================================
| Number of Scenarios                                     | 0                                      |
| Leaf Cell Count                                         | 427                                    |
| Number of User Hierarchies                              | 2                                      |
| Sequential Cell Count                                   | 87                                     |
| Macro Count                                             | 0                                      |
| Number of Power Domains                                 | 0                                      |
| Number of Path Groups                                   | 2                                      |
| Number of VT Class                                      | 0                                      |
| Number of Clocks                                        | 1                                      |
| Number of Dont Touch Cells                              | 134                                    |
| Number of Dont Touch Nets                               | 0                                      |
| Number of Size Only Cells                               | 0                                      |
| Design with UPF Data                                    | false                                  |
====================================================================================================

Information: There are 19 potential problems in your design. Please run 'check_design' for more information. (LINT-99)



  Beginning Pass 1 Mapping
  ------------------------
  Processing 'vending_datapath'
Information: Ungrouping hierarchy U43. (OPT-772)
Information: The register 'price_reg[0][5]' is a constant and will be removed. (OPT-1206)
Information: The register 'price_reg[0][4]' is a constant and will be removed. (OPT-1206)
Information: The register 'price_reg[0][3]' is a constant and will be removed. (OPT-1206)
Information: The register 'price_reg[0][2]' is a constant and will be removed. (OPT-1206)
Information: The register 'price_reg[0][1]' is a constant and will be removed. (OPT-1206)
Information: The register 'price_reg[0][0]' is a constant and will be removed. (OPT-1206)
Information: The register 'price_reg[1][5]' is a constant and will be removed. (OPT-1206)
Information: The register 'price_reg[1][4]' is a constant and will be removed. (OPT-1206)
Information: The register 'price_reg[1][3]' is a constant and will be removed. (OPT-1206)
Information: The register 'price_reg[1][2]' is a constant and will be removed. (OPT-1206)
Information: The register 'price_reg[1][1]' is a constant and will be removed. (OPT-1206)
Information: The register 'price_reg[1][0]' is a constant and will be removed. (OPT-1206)
Information: The register 'price_reg[2][5]' is a constant and will be removed. (OPT-1206)
Information: The register 'price_reg[2][4]' is a constant and will be removed. (OPT-1206)
Information: The register 'price_reg[2][3]' is a constant and will be removed. (OPT-1206)
Information: The register 'price_reg[2][2]' is a constant and will be removed. (OPT-1206)
Information: The register 'price_reg[2][1]' is a constant and will be removed. (OPT-1206)
Information: The register 'price_reg[2][0]' is a constant and will be removed. (OPT-1206)
Information: The register 'price_reg[3][5]' is a constant and will be removed. (OPT-1206)
Information: The register 'price_reg[3][4]' is a constant and will be removed. (OPT-1206)
Information: The register 'price_reg[3][3]' is a constant and will be removed. (OPT-1206)
Information: The register 'price_reg[3][2]' is a constant and will be removed. (OPT-1206)
Information: The register 'price_reg[3][1]' is a constant and will be removed. (OPT-1206)
Information: The register 'price_reg[3][0]' is a constant and will be removed. (OPT-1206)
  Processing 'vending_fsm'
Information: Ungrouping hierarchy U4. (OPT-772)
  Processing 'vending_top'

  Updating timing information
Information: Updating design information... (UID-85)
Information: Ungrouping hierarchy u_fsm. (OPT-772)
Information: Ungrouping hierarchy u_datapath. (OPT-772)

  Beginning Implementation Selection
  ----------------------------------
  Mapping 'DW_cmp'
Information: Added key list 'DesignWare' to design 'vending_top'. (DDB-72)
  Mapping 'DW_cmp'
  Mapping 'DW_cmp'
  Mapping 'DW_cmp'
  Processing 'DW01_add_width6_DW01_add_0'
  Processing 'DW01_sub_width6_DW01_sub_0'
  Processing 'DW01_sub_width6_DW01_sub_1'
  Processing 'DW01_sub_width6_DW01_sub_2'
  Processing 'DW01_sub_width6_DW01_sub_3'
  Processing 'DW01_sub_width6_DW01_sub_4'
  Processing 'DW01_dec_width6_DW01_dec_1'
  Processing 'DW01_dec_width6_DW01_dec_2'
Information: Command 'do_operand_isolation' is obsolete and is being ignored.  Please refer to the replacement command 'set power_enable_datapath_gating true' instead. (INFO-118)

  Beginning Mapping Optimizations  (Medium effort)
  -------------------------------
Information: Command 'do_operand_isolation' is obsolete and is being ignored.  Please refer to the replacement command 'set power_enable_datapath_gating true' instead. (INFO-118)

                                  TOTAL                                      
   ELAPSED            WORST NEG   SETUP    DESIGN                            
    TIME      AREA      SLACK     COST    RULE COST         ENDPOINT         
  --------- --------- --------- --------- --------- -------------------------
    0:00:01  175185.0      0.00       0.0       0.0                          
    0:00:01  175185.0      0.00       0.0       0.0                          
    0:00:01  175185.0      0.00       0.0       0.0                          
    0:00:01  175185.0      0.00       0.0       0.0                          
    0:00:01  175185.0      0.00       0.0       0.0                          
    0:00:01  170361.0      0.00       0.0       0.0                          
    0:00:01  170361.0      0.00       0.0       0.0                          
    0:00:01  170361.0      0.00       0.0       0.0                          
    0:00:02  170361.0      0.00       0.0       0.0                          
    0:00:02  170361.0      0.00       0.0       0.0                          
    0:00:02  170361.0      0.00       0.0       0.0                          
    0:00:02  170361.0      0.00       0.0       0.0                          
    0:00:02  170361.0      0.00       0.0       0.0                          



  Beginning Delay Optimization Phase
  ----------------------------------

                                  TOTAL                                      
   ELAPSED            WORST NEG   SETUP    DESIGN                            
    TIME      AREA      SLACK     COST    RULE COST         ENDPOINT         
  --------- --------- --------- --------- --------- -------------------------
    0:00:02  170361.0      0.00       0.0       0.0                          
    0:00:02  170361.0      0.00       0.0       0.0                          
    0:00:02  170361.0      0.00       0.0       0.0                          


  Beginning Area-Recovery Phase  (cleanup)
  -----------------------------

                                  TOTAL                                      
   ELAPSED            WORST NEG   SETUP    DESIGN                            
    TIME      AREA      SLACK     COST    RULE COST         ENDPOINT         
  --------- --------- --------- --------- --------- -------------------------
    0:00:02  170361.0      0.00       0.0       0.0                          
    0:00:02  170361.0      0.00       0.0       0.0                          
    0:00:02  167769.0      0.00       0.0       0.0                          
    0:00:02  167193.0      0.00       0.0       0.0                          
    0:00:02  166905.0      0.00       0.0       0.0                          
    0:00:02  166905.0      0.00       0.0       0.0                          
    0:00:02  166905.0      0.00       0.0       0.0                          
    0:00:02  166905.0      0.00       0.0       0.0                          
    0:00:02  166905.0      0.00       0.0       0.0                          
    0:00:02  166905.0      0.00       0.0       0.0                          
    0:00:02  166905.0      0.00       0.0       0.0                          
    0:00:02  166905.0      0.00       0.0       0.0                          
    0:00:02  166905.0      0.00       0.0       0.0                          
    0:00:02  166905.0      0.00       0.0       0.0                          
    0:00:02  166905.0      0.00       0.0       0.0                          
Loading db file '/clear/apps/osu/soc/synopsys/lib/ami05/osu05_stdcells.db'


Note: Symbol # after min delay cost means estimated hold TNS across all active scenarios 


  Optimization Complete
  ---------------------
CPU Load: 5%, Ram Free: 12 GB, Swap Free: 15 GB, Work Disk Free: 814 GB, Tmp Disk Free: 5 GB
Information: Total number of MV cells in the design.
----------------------------------------------------------------------------------------------------
 MV Cells                                           Total Number                                   
----------------------------------------------------------------------------------------------------
 Level Shifter:                                     0                                             
 Enable Level Shifter:                              0                                             
 Isolation Cell:                                    0                                             
 Retention Cell:                                    0                                             
 Retention Clamp Cell:                              0                                             
 Switch Cell:                                       0                                             
 Always-On Cell:                                    0                                             
 Repeater Cell:                                     0                                             

----------------------------------------------------------------------------------------------------
Unmapped MV Cells 
----------------------------------------------------------------------------------------------------
0 Isolation Cells are unmapped 
0 Retention Clamp Cells are unmapped 
----------------------------------------------------------------------------------------------------
1
compile -incremental_mapping -map_effort medium
CPU Load: 5%, Ram Free: 12 GB, Swap Free: 15 GB, Work Disk Free: 814 GB, Tmp Disk Free: 5 GB
====================================================================================================
| Flow Information                                                                                 |
----------------------------------------------------------------------------------------------------
| Flow         | Design Compiler                                                                   |
====================================================================================================
| Design Information                                      | Value                                  |
====================================================================================================
| Number of Scenarios                                     | 0                                      |
| Leaf Cell Count                                         | 496                                    |
| Number of User Hierarchies                              | 0                                      |
| Sequential Cell Count                                   | 63                                     |
| Macro Count                                             | 0                                      |
| Number of Power Domains                                 | 0                                      |
| Number of Path Groups                                   | 2                                      |
| Number of VT Class                                      | 0                                      |
| Number of Clocks                                        | 1                                      |
| Number of Dont Touch Cells                              | 0                                      |
| Number of Dont Touch Nets                               | 0                                      |
| Number of Size Only Cells                               | 0                                      |
| Design with UPF Data                                    | false                                  |
====================================================================================================


  Beginning Pass 1 Mapping  (Incremental)
  ------------------------

  Updating timing information
Information: Updating design information... (UID-85)

  Beginning Mapping Optimizations  (Medium effort)  (Incremental)
  -------------------------------

  Beginning Incremental Implementation Selection
  ----------------------------------------------
Information: Command 'do_operand_isolation' is obsolete and is being ignored.  Please refer to the replacement command 'set power_enable_datapath_gating true' instead. (INFO-118)

  Beginning Delay Optimization Phase
  ----------------------------------

                                  TOTAL                                      
   ELAPSED            WORST NEG   SETUP    DESIGN                            
    TIME      AREA      SLACK     COST    RULE COST         ENDPOINT         
  --------- --------- --------- --------- --------- -------------------------
    0:00:00  166905.0      0.00       0.0       0.0                          
    0:00:00  166905.0      0.00       0.0       0.0                          
    0:00:00  166905.0      0.00       0.0       0.0                          
Loading db file '/clear/apps/osu/soc/synopsys/lib/ami05/osu05_stdcells.db'


Note: Symbol # after min delay cost means estimated hold TNS across all active scenarios 


  Optimization Complete
  ---------------------
CPU Load: 5%, Ram Free: 12 GB, Swap Free: 15 GB, Work Disk Free: 814 GB, Tmp Disk Free: 5 GB
Information: Total number of MV cells in the design.
----------------------------------------------------------------------------------------------------
 MV Cells                                           Total Number                                   
----------------------------------------------------------------------------------------------------
 Level Shifter:                                     0                                             
 Enable Level Shifter:                              0                                             
 Isolation Cell:                                    0                                             
 Retention Cell:                                    0                                             
 Retention Clamp Cell:                              0                                             
 Switch Cell:                                       0                                             
 Always-On Cell:                                    0                                             
 Repeater Cell:                                     0                                             

----------------------------------------------------------------------------------------------------
Unmapped MV Cells 
----------------------------------------------------------------------------------------------------
0 Isolation Cells are unmapped 
0 Retention Clamp Cells are unmapped 
----------------------------------------------------------------------------------------------------
1
check_design
1
report_constraint -all_violators
Information: Updating design information... (UID-85)
 
****************************************
Report : constraint
        -all_violators
Design : vending_top
Version: U-2022.12-SP7
Date   : Sun Apr 12 01:10:45 2026
****************************************

This design has no violated constraints.

1
set filename [format "%s%s"  $my_toplevel ".vh"]
vending_top.vh
write -f verilog -output $filename
Writing verilog file '/storage-home/y/yz305/Vending_Machine_FSM/Synthesis/vending_top.vh'.
1
set filename [format "%s%s"  $my_toplevel ".sdc"]
vending_top.sdc
write_sdc $filename
1
report_cell 
 
****************************************
Report : cell
Design : vending_top
Version: U-2022.12-SP7
Date   : Sun Apr 12 01:10:45 2026
****************************************

Attributes:
    b - black box (unknown)
    h - hierarchical
   mo - map_only
    n - noncombinational
    r - removable
    u - contains unmapped logic

Cell                      Reference       Library             Area  Attributes
--------------------------------------------------------------------------------
U1                        AND2X2          osu05_stdcells  288.000000
U2                        AND2X2          osu05_stdcells  288.000000
U3                        OR2X2           osu05_stdcells  288.000000
U4                        AND2X2          osu05_stdcells  288.000000
U5                        AND2X2          osu05_stdcells  288.000000
U6                        AND2X2          osu05_stdcells  288.000000
U7                        AND2X2          osu05_stdcells  288.000000
U8                        AND2X2          osu05_stdcells  288.000000
U9                        AND2X2          osu05_stdcells  288.000000
U10                       AND2X2          osu05_stdcells  288.000000
U11                       XOR2X1          osu05_stdcells  504.000000
U12                       XOR2X1          osu05_stdcells  504.000000
U13                       XNOR2X1         osu05_stdcells  504.000000
U14                       XOR2X1          osu05_stdcells  504.000000
U15                       XOR2X1          osu05_stdcells  504.000000
U16                       XOR2X1          osu05_stdcells  504.000000
U17                       XOR2X1          osu05_stdcells  504.000000
U18                       XNOR2X1         osu05_stdcells  504.000000
U19                       INVX2           osu05_stdcells  144.000000
U20                       BUFX2           osu05_stdcells  216.000000
U21                       BUFX2           osu05_stdcells  216.000000
U22                       BUFX2           osu05_stdcells  216.000000
U23                       INVX2           osu05_stdcells  144.000000
U24                       INVX2           osu05_stdcells  144.000000
U25                       INVX2           osu05_stdcells  144.000000
U26                       INVX2           osu05_stdcells  144.000000
U27                       INVX2           osu05_stdcells  144.000000
U28                       INVX2           osu05_stdcells  144.000000
U29                       INVX2           osu05_stdcells  144.000000
U30                       INVX2           osu05_stdcells  144.000000
U31                       INVX2           osu05_stdcells  144.000000
U32                       OR2X1           osu05_stdcells  288.000000
U33                       XNOR2X1         osu05_stdcells  504.000000
U34                       XNOR2X1         osu05_stdcells  504.000000
U35                       OR2X1           osu05_stdcells  288.000000
U36                       XNOR2X1         osu05_stdcells  504.000000
U37                       OR2X1           osu05_stdcells  288.000000
U38                       OR2X1           osu05_stdcells  288.000000
U39                       OR2X1           osu05_stdcells  288.000000
U40                       OR2X1           osu05_stdcells  288.000000
U41                       XNOR2X1         osu05_stdcells  504.000000
U42                       OR2X1           osu05_stdcells  288.000000
U43                       XNOR2X1         osu05_stdcells  504.000000
U44                       OR2X1           osu05_stdcells  288.000000
U45                       OR2X1           osu05_stdcells  288.000000
U46                       XNOR2X1         osu05_stdcells  504.000000
U47                       OR2X1           osu05_stdcells  288.000000
U48                       XNOR2X1         osu05_stdcells  504.000000
U49                       OR2X1           osu05_stdcells  288.000000
U50                       XNOR2X1         osu05_stdcells  504.000000
U51                       XNOR2X1         osu05_stdcells  504.000000
U52                       OR2X1           osu05_stdcells  288.000000
U53                       XNOR2X1         osu05_stdcells  504.000000
U54                       OR2X1           osu05_stdcells  288.000000
U55                       XNOR2X1         osu05_stdcells  504.000000
U56                       OR2X1           osu05_stdcells  288.000000
U57                       XNOR2X1         osu05_stdcells  504.000000
U58                       XNOR2X1         osu05_stdcells  504.000000
U59                       XOR2X1          osu05_stdcells  504.000000
U60                       XOR2X1          osu05_stdcells  504.000000
U61                       XOR2X1          osu05_stdcells  504.000000
U62                       XOR2X1          osu05_stdcells  504.000000
U63                       INVX2           osu05_stdcells  144.000000
U64                       INVX2           osu05_stdcells  144.000000
U65                       INVX2           osu05_stdcells  144.000000
U66                       INVX2           osu05_stdcells  144.000000
U67                       INVX2           osu05_stdcells  144.000000
U68                       INVX2           osu05_stdcells  144.000000
U69                       INVX2           osu05_stdcells  144.000000
U70                       INVX2           osu05_stdcells  144.000000
U71                       INVX2           osu05_stdcells  144.000000
U72                       INVX2           osu05_stdcells  144.000000
U73                       INVX2           osu05_stdcells  144.000000
U74                       INVX2           osu05_stdcells  144.000000
U75                       INVX2           osu05_stdcells  144.000000
U76                       INVX2           osu05_stdcells  144.000000
U77                       INVX2           osu05_stdcells  144.000000
U78                       INVX2           osu05_stdcells  144.000000
U79                       INVX2           osu05_stdcells  144.000000
U80                       INVX2           osu05_stdcells  144.000000
U81                       INVX2           osu05_stdcells  144.000000
U82                       INVX2           osu05_stdcells  144.000000
U83                       INVX2           osu05_stdcells  144.000000
U84                       INVX2           osu05_stdcells  144.000000
U85                       INVX2           osu05_stdcells  144.000000
U86                       INVX2           osu05_stdcells  144.000000
U87                       INVX2           osu05_stdcells  144.000000
U88                       INVX2           osu05_stdcells  144.000000
U89                       INVX2           osu05_stdcells  144.000000
U90                       INVX2           osu05_stdcells  144.000000
U91                       INVX2           osu05_stdcells  144.000000
U92                       INVX2           osu05_stdcells  144.000000
U93                       INVX2           osu05_stdcells  144.000000
U94                       INVX2           osu05_stdcells  144.000000
U95                       INVX2           osu05_stdcells  144.000000
U96                       INVX2           osu05_stdcells  144.000000
U97                       INVX2           osu05_stdcells  144.000000
U98                       INVX2           osu05_stdcells  144.000000
U99                       INVX2           osu05_stdcells  144.000000
U100                      INVX2           osu05_stdcells  144.000000
U101                      INVX2           osu05_stdcells  144.000000
U102                      INVX2           osu05_stdcells  144.000000
U103                      INVX2           osu05_stdcells  144.000000
U104                      INVX2           osu05_stdcells  144.000000
U105                      INVX2           osu05_stdcells  144.000000
U106                      INVX2           osu05_stdcells  144.000000
U107                      INVX2           osu05_stdcells  144.000000
U108                      INVX2           osu05_stdcells  144.000000
U109                      INVX2           osu05_stdcells  144.000000
U110                      INVX2           osu05_stdcells  144.000000
U111                      INVX2           osu05_stdcells  144.000000
U112                      INVX2           osu05_stdcells  144.000000
U113                      INVX2           osu05_stdcells  144.000000
U114                      INVX2           osu05_stdcells  144.000000
U115                      INVX2           osu05_stdcells  144.000000
U116                      INVX2           osu05_stdcells  144.000000
U117                      INVX2           osu05_stdcells  144.000000
U118                      INVX2           osu05_stdcells  144.000000
U119                      INVX2           osu05_stdcells  144.000000
U120                      INVX2           osu05_stdcells  144.000000
U121                      INVX2           osu05_stdcells  144.000000
U122                      INVX2           osu05_stdcells  144.000000
U123                      INVX2           osu05_stdcells  144.000000
U124                      INVX2           osu05_stdcells  144.000000
U125                      INVX2           osu05_stdcells  144.000000
U126                      INVX2           osu05_stdcells  144.000000
U127                      INVX2           osu05_stdcells  144.000000
U128                      INVX2           osu05_stdcells  144.000000
U129                      INVX2           osu05_stdcells  144.000000
U130                      INVX2           osu05_stdcells  144.000000
U131                      INVX2           osu05_stdcells  144.000000
U132                      INVX2           osu05_stdcells  144.000000
U133                      INVX2           osu05_stdcells  144.000000
U134                      INVX2           osu05_stdcells  144.000000
U135                      INVX2           osu05_stdcells  144.000000
U136                      INVX2           osu05_stdcells  144.000000
U137                      INVX2           osu05_stdcells  144.000000
U138                      INVX2           osu05_stdcells  144.000000
U139                      INVX2           osu05_stdcells  144.000000
U140                      INVX2           osu05_stdcells  144.000000
U141                      INVX2           osu05_stdcells  144.000000
U142                      INVX2           osu05_stdcells  144.000000
U143                      INVX2           osu05_stdcells  144.000000
U144                      INVX2           osu05_stdcells  144.000000
U145                      INVX2           osu05_stdcells  144.000000
U146                      INVX2           osu05_stdcells  144.000000
U147                      INVX2           osu05_stdcells  144.000000
U148                      INVX2           osu05_stdcells  144.000000
U149                      INVX2           osu05_stdcells  144.000000
U150                      INVX2           osu05_stdcells  144.000000
U151                      INVX2           osu05_stdcells  144.000000
U152                      INVX2           osu05_stdcells  144.000000
U153                      INVX2           osu05_stdcells  144.000000
U154                      INVX2           osu05_stdcells  144.000000
U155                      INVX2           osu05_stdcells  144.000000
U156                      INVX2           osu05_stdcells  144.000000
U157                      INVX2           osu05_stdcells  144.000000
U158                      NAND2X1         osu05_stdcells  216.000000
U159                      OAI21X1         osu05_stdcells  207.000000
U160                      NOR2X1          osu05_stdcells  216.000000
U161                      AOI21X1         osu05_stdcells  288.000000
U162                      NAND2X1         osu05_stdcells  216.000000
U163                      OAI21X1         osu05_stdcells  207.000000
U164                      XNOR2X1         osu05_stdcells  504.000000
U165                      NOR2X1          osu05_stdcells  216.000000
U166                      XOR2X1          osu05_stdcells  504.000000
U167                      NAND2X1         osu05_stdcells  216.000000
U168                      OAI21X1         osu05_stdcells  207.000000
U169                      NOR2X1          osu05_stdcells  216.000000
U170                      AOI21X1         osu05_stdcells  288.000000
U171                      NAND2X1         osu05_stdcells  216.000000
U172                      OAI21X1         osu05_stdcells  207.000000
U173                      XNOR2X1         osu05_stdcells  504.000000
U174                      NOR2X1          osu05_stdcells  216.000000
U175                      XOR2X1          osu05_stdcells  504.000000
U176                      OAI21X1         osu05_stdcells  207.000000
U177                      NOR2X1          osu05_stdcells  216.000000
U178                      NAND3X1         osu05_stdcells  324.000000
U179                      OAI21X1         osu05_stdcells  207.000000
U180                      NOR2X1          osu05_stdcells  216.000000
U181                      NAND3X1         osu05_stdcells  324.000000
U182                      NOR2X1          osu05_stdcells  216.000000
U183                      AOI22X1         osu05_stdcells  360.000000
U184                      OAI21X1         osu05_stdcells  207.000000
U185                      NAND2X1         osu05_stdcells  216.000000
U186                      NAND3X1         osu05_stdcells  324.000000
U187                      OAI21X1         osu05_stdcells  207.000000
U188                      AOI22X1         osu05_stdcells  360.000000
U189                      OAI21X1         osu05_stdcells  207.000000
U190                      NOR2X1          osu05_stdcells  216.000000
U191                      OAI21X1         osu05_stdcells  207.000000
U192                      OAI21X1         osu05_stdcells  207.000000
U193                      OAI22X1         osu05_stdcells  360.000000
U194                      OAI22X1         osu05_stdcells  360.000000
U195                      AOI21X1         osu05_stdcells  288.000000
U196                      NAND2X1         osu05_stdcells  216.000000
U197                      AOI22X1         osu05_stdcells  360.000000
U198                      NOR2X1          osu05_stdcells  216.000000
U199                      NAND2X1         osu05_stdcells  216.000000
U200                      NOR2X1          osu05_stdcells  216.000000
u_datapath/U41            AND2X2          osu05_stdcells  288.000000
u_datapath/U42            AND2X2          osu05_stdcells  288.000000
u_datapath/U44            AND2X2          osu05_stdcells  288.000000
u_datapath/U45            AND2X2          osu05_stdcells  288.000000
u_datapath/U46            AND2X2          osu05_stdcells  288.000000
u_datapath/U47            AND2X2          osu05_stdcells  288.000000
u_datapath/U48            AND2X2          osu05_stdcells  288.000000
u_datapath/U127           NAND2X1         osu05_stdcells  216.000000
u_datapath/U133           OAI22X1         osu05_stdcells  360.000000
u_datapath/U134           OAI22X1         osu05_stdcells  360.000000
u_datapath/U135           OAI22X1         osu05_stdcells  360.000000
u_datapath/U136           OAI22X1         osu05_stdcells  360.000000
u_datapath/U137           OAI22X1         osu05_stdcells  360.000000
u_datapath/U138           OAI22X1         osu05_stdcells  360.000000
u_datapath/U139           OAI22X1         osu05_stdcells  360.000000
u_datapath/U140           NAND2X1         osu05_stdcells  216.000000
u_datapath/U141           XNOR2X1         osu05_stdcells  504.000000
u_datapath/U142           OAI22X1         osu05_stdcells  360.000000
u_datapath/U143           OAI22X1         osu05_stdcells  360.000000
u_datapath/U144           OAI22X1         osu05_stdcells  360.000000
u_datapath/U145           OAI22X1         osu05_stdcells  360.000000
u_datapath/U146           NAND2X1         osu05_stdcells  216.000000
u_datapath/U147           OAI21X1         osu05_stdcells  207.000000
u_datapath/U148           OAI22X1         osu05_stdcells  360.000000
u_datapath/U149           OAI21X1         osu05_stdcells  207.000000
u_datapath/U150           OAI22X1         osu05_stdcells  360.000000
u_datapath/U151           OAI21X1         osu05_stdcells  207.000000
u_datapath/U152           OAI22X1         osu05_stdcells  360.000000
u_datapath/U153           OAI22X1         osu05_stdcells  360.000000
u_datapath/U154           NAND2X1         osu05_stdcells  216.000000
u_datapath/U155           OAI21X1         osu05_stdcells  207.000000
u_datapath/U156           OAI22X1         osu05_stdcells  360.000000
u_datapath/U157           OAI21X1         osu05_stdcells  207.000000
u_datapath/U158           NAND2X1         osu05_stdcells  216.000000
u_datapath/U159           OAI21X1         osu05_stdcells  207.000000
u_datapath/U160           NAND2X1         osu05_stdcells  216.000000
u_datapath/U161           AOI22X1         osu05_stdcells  360.000000
u_datapath/U162           AOI22X1         osu05_stdcells  360.000000
u_datapath/U163           OAI21X1         osu05_stdcells  207.000000
u_datapath/U164           AOI22X1         osu05_stdcells  360.000000
u_datapath/U165           NAND2X1         osu05_stdcells  216.000000
u_datapath/U166           AOI22X1         osu05_stdcells  360.000000
u_datapath/U167           AOI22X1         osu05_stdcells  360.000000
u_datapath/U168           OAI21X1         osu05_stdcells  207.000000
u_datapath/U169           AOI22X1         osu05_stdcells  360.000000
u_datapath/U170           NAND2X1         osu05_stdcells  216.000000
u_datapath/U171           AOI22X1         osu05_stdcells  360.000000
u_datapath/U172           AOI22X1         osu05_stdcells  360.000000
u_datapath/U173           OAI21X1         osu05_stdcells  207.000000
u_datapath/U174           AOI22X1         osu05_stdcells  360.000000
u_datapath/U175           NAND2X1         osu05_stdcells  216.000000
u_datapath/U176           AOI22X1         osu05_stdcells  360.000000
u_datapath/U177           AOI22X1         osu05_stdcells  360.000000
u_datapath/U178           OAI21X1         osu05_stdcells  207.000000
u_datapath/U179           AOI22X1         osu05_stdcells  360.000000
u_datapath/U180           NAND2X1         osu05_stdcells  216.000000
u_datapath/U181           AOI22X1         osu05_stdcells  360.000000
u_datapath/U182           AOI22X1         osu05_stdcells  360.000000
u_datapath/U183           OAI21X1         osu05_stdcells  207.000000
u_datapath/U184           AOI22X1         osu05_stdcells  360.000000
u_datapath/U185           NAND2X1         osu05_stdcells  216.000000
u_datapath/U186           AOI22X1         osu05_stdcells  360.000000
u_datapath/U187           NOR2X1          osu05_stdcells  216.000000
u_datapath/U188           AOI21X1         osu05_stdcells  288.000000
u_datapath/U189           NAND2X1         osu05_stdcells  216.000000
u_datapath/U190           AOI22X1         osu05_stdcells  360.000000
u_datapath/U191           OAI21X1         osu05_stdcells  207.000000
u_datapath/U192           AOI22X1         osu05_stdcells  360.000000
u_datapath/U193           NOR2X1          osu05_stdcells  216.000000
u_datapath/U194           NAND3X1         osu05_stdcells  324.000000
u_datapath/U195           NAND3X1         osu05_stdcells  324.000000
u_datapath/U196           NOR2X1          osu05_stdcells  216.000000
u_datapath/U197           OAI21X1         osu05_stdcells  207.000000
u_datapath/U198           NAND3X1         osu05_stdcells  324.000000
u_datapath/U199           OAI21X1         osu05_stdcells  207.000000
u_datapath/U200           NAND3X1         osu05_stdcells  324.000000
u_datapath/U201           OR2X1           osu05_stdcells  288.000000
u_datapath/U202           OAI21X1         osu05_stdcells  207.000000
u_datapath/U203           NAND2X1         osu05_stdcells  216.000000
u_datapath/U204           OAI21X1         osu05_stdcells  207.000000
u_datapath/U205           NAND2X1         osu05_stdcells  216.000000
u_datapath/U206           OAI21X1         osu05_stdcells  207.000000
u_datapath/U207           NAND2X1         osu05_stdcells  216.000000
u_datapath/U208           OAI21X1         osu05_stdcells  207.000000
u_datapath/U209           NAND2X1         osu05_stdcells  216.000000
u_datapath/U210           OAI21X1         osu05_stdcells  207.000000
u_datapath/U211           NAND2X1         osu05_stdcells  216.000000
u_datapath/U212           OAI21X1         osu05_stdcells  207.000000
u_datapath/U213           NAND2X1         osu05_stdcells  216.000000
u_datapath/U214           NAND3X1         osu05_stdcells  324.000000
u_datapath/U215           NAND3X1         osu05_stdcells  324.000000
u_datapath/U216           NAND2X1         osu05_stdcells  216.000000
u_datapath/U217           OAI21X1         osu05_stdcells  207.000000
u_datapath/U218           NAND2X1         osu05_stdcells  216.000000
u_datapath/U219           OAI21X1         osu05_stdcells  207.000000
u_datapath/U220           AOI22X1         osu05_stdcells  360.000000
u_datapath/U221           OAI21X1         osu05_stdcells  207.000000
u_datapath/U222           NAND2X1         osu05_stdcells  216.000000
u_datapath/U223           OAI21X1         osu05_stdcells  207.000000
u_datapath/U224           AOI22X1         osu05_stdcells  360.000000
u_datapath/U225           OAI21X1         osu05_stdcells  207.000000
u_datapath/U226           OAI21X1         osu05_stdcells  207.000000
u_datapath/U227           AOI22X1         osu05_stdcells  360.000000
u_datapath/U228           OAI21X1         osu05_stdcells  207.000000
u_datapath/U229           OAI21X1         osu05_stdcells  207.000000
u_datapath/U230           NAND2X1         osu05_stdcells  216.000000
u_datapath/U231           OAI21X1         osu05_stdcells  207.000000
u_datapath/U232           AOI22X1         osu05_stdcells  360.000000
u_datapath/U233           OAI21X1         osu05_stdcells  207.000000
u_datapath/U234           OAI21X1         osu05_stdcells  207.000000
u_datapath/U235           AOI22X1         osu05_stdcells  360.000000
u_datapath/U236           OAI21X1         osu05_stdcells  207.000000
u_datapath/U237           OAI21X1         osu05_stdcells  207.000000
u_datapath/U238           NAND2X1         osu05_stdcells  216.000000
u_datapath/U239           OAI21X1         osu05_stdcells  207.000000
u_datapath/U240           AOI22X1         osu05_stdcells  360.000000
u_datapath/U241           NOR2X1          osu05_stdcells  216.000000
u_datapath/U243           OAI21X1         osu05_stdcells  207.000000
u_datapath/U244           NAND2X1         osu05_stdcells  216.000000
u_datapath/U246           NOR2X1          osu05_stdcells  216.000000
u_datapath/U247           NOR3X1          osu05_stdcells  576.000000
u_datapath/U248           NAND2X1         osu05_stdcells  216.000000
u_datapath/U249           AOI22X1         osu05_stdcells  360.000000
u_datapath/U250           AOI22X1         osu05_stdcells  360.000000
u_datapath/U251           NAND2X1         osu05_stdcells  216.000000
u_datapath/U252           AOI22X1         osu05_stdcells  360.000000
u_datapath/U253           AOI22X1         osu05_stdcells  360.000000
u_datapath/U254           AOI22X1         osu05_stdcells  360.000000
u_datapath/U255           AOI22X1         osu05_stdcells  360.000000
u_datapath/U256           NAND2X1         osu05_stdcells  216.000000
u_datapath/U257           AOI22X1         osu05_stdcells  360.000000
u_datapath/U258           NOR2X1          osu05_stdcells  216.000000
u_datapath/U259           NOR2X1          osu05_stdcells  216.000000
u_datapath/U260           AOI22X1         osu05_stdcells  360.000000
u_datapath/U261           NOR2X1          osu05_stdcells  216.000000
u_datapath/U262           NOR2X1          osu05_stdcells  216.000000
u_datapath/U263           NOR2X1          osu05_stdcells  216.000000
u_datapath/U264           NAND3X1         osu05_stdcells  324.000000
u_datapath/U265           NAND3X1         osu05_stdcells  324.000000
u_datapath/U266           NOR2X1          osu05_stdcells  216.000000
u_datapath/U267           AOI21X1         osu05_stdcells  288.000000
u_datapath/U268           NOR2X1          osu05_stdcells  216.000000
u_datapath/U269           NAND3X1         osu05_stdcells  324.000000
u_datapath/U270           NOR2X1          osu05_stdcells  216.000000
u_datapath/U271           NOR2X1          osu05_stdcells  216.000000
u_datapath/U272           NAND3X1         osu05_stdcells  324.000000
u_datapath/U273           NOR2X1          osu05_stdcells  216.000000
u_datapath/U274           NOR2X1          osu05_stdcells  216.000000
u_datapath/add_94/U1_1    FAX1            osu05_stdcells  1080.000000
                                                                    mo, r
u_datapath/add_94/U1_2    FAX1            osu05_stdcells  1080.000000
                                                                    mo, r
u_datapath/balance_reg[0] DFFNEGX1        osu05_stdcells  864.000000
                                                                    n
u_datapath/balance_reg[1] DFFNEGX1        osu05_stdcells  864.000000
                                                                    n
u_datapath/balance_reg[2] DFFNEGX1        osu05_stdcells  864.000000
                                                                    n
u_datapath/balance_reg[3] DFFNEGX1        osu05_stdcells  864.000000
                                                                    n
u_datapath/balance_reg[4] DFFNEGX1        osu05_stdcells  864.000000
                                                                    n
u_datapath/balance_reg[5] DFFNEGX1        osu05_stdcells  864.000000
                                                                    n
u_datapath/change_bank_reg[0]
                          DFFNEGX1        osu05_stdcells  864.000000
                                                                    n
u_datapath/change_bank_reg[1]
                          DFFNEGX1        osu05_stdcells  864.000000
                                                                    n
u_datapath/change_bank_reg[2]
                          DFFNEGX1        osu05_stdcells  864.000000
                                                                    n
u_datapath/change_bank_reg[3]
                          DFFNEGX1        osu05_stdcells  864.000000
                                                                    n
u_datapath/change_bank_reg[4]
                          DFFNEGX1        osu05_stdcells  864.000000
                                                                    n
u_datapath/change_bank_reg[5]
                          DFFNEGX1        osu05_stdcells  864.000000
                                                                    n
u_datapath/change_rem_reg[0]
                          DFFNEGX1        osu05_stdcells  864.000000
                                                                    n
u_datapath/change_rem_reg[1]
                          DFFNEGX1        osu05_stdcells  864.000000
                                                                    n
u_datapath/change_rem_reg[2]
                          DFFNEGX1        osu05_stdcells  864.000000
                                                                    n
u_datapath/change_rem_reg[3]
                          DFFNEGX1        osu05_stdcells  864.000000
                                                                    n
u_datapath/change_rem_reg[4]
                          DFFNEGX1        osu05_stdcells  864.000000
                                                                    n
u_datapath/change_rem_reg[5]
                          DFFNEGX1        osu05_stdcells  864.000000
                                                                    n
u_datapath/inv_reg[0][0]  DFFNEGX1        osu05_stdcells  864.000000
                                                                    n
u_datapath/inv_reg[0][1]  DFFNEGX1        osu05_stdcells  864.000000
                                                                    n
u_datapath/inv_reg[0][2]  DFFNEGX1        osu05_stdcells  864.000000
                                                                    n
u_datapath/inv_reg[0][3]  DFFNEGX1        osu05_stdcells  864.000000
                                                                    n
u_datapath/inv_reg[1][0]  DFFNEGX1        osu05_stdcells  864.000000
                                                                    n
u_datapath/inv_reg[1][1]  DFFNEGX1        osu05_stdcells  864.000000
                                                                    n
u_datapath/inv_reg[1][2]  DFFNEGX1        osu05_stdcells  864.000000
                                                                    n
u_datapath/inv_reg[1][3]  DFFNEGX1        osu05_stdcells  864.000000
                                                                    n
u_datapath/inv_reg[2][0]  DFFNEGX1        osu05_stdcells  864.000000
                                                                    n
u_datapath/inv_reg[2][1]  DFFNEGX1        osu05_stdcells  864.000000
                                                                    n
u_datapath/inv_reg[2][2]  DFFNEGX1        osu05_stdcells  864.000000
                                                                    n
u_datapath/inv_reg[2][3]  DFFNEGX1        osu05_stdcells  864.000000
                                                                    n
u_datapath/inv_reg[3][0]  DFFNEGX1        osu05_stdcells  864.000000
                                                                    n
u_datapath/inv_reg[3][1]  DFFNEGX1        osu05_stdcells  864.000000
                                                                    n
u_datapath/inv_reg[3][2]  DFFNEGX1        osu05_stdcells  864.000000
                                                                    n
u_datapath/inv_reg[3][3]  DFFNEGX1        osu05_stdcells  864.000000
                                                                    n
u_datapath/sel_reg_reg[0] DFFNEGX1        osu05_stdcells  864.000000
                                                                    n
u_datapath/sel_reg_reg[1] DFFNEGX1        osu05_stdcells  864.000000
                                                                    n
u_datapath/sub_103/U2_2   FAX1            osu05_stdcells  1080.000000
                                                                    mo, r
u_datapath/sub_103/U2_3   FAX1            osu05_stdcells  1080.000000
                                                                    mo, r
u_fsm/U3                  AND2X2          osu05_stdcells  288.000000
u_fsm/U4                  AND2X2          osu05_stdcells  288.000000
u_fsm/U5                  AND2X2          osu05_stdcells  288.000000
u_fsm/U6                  AND2X2          osu05_stdcells  288.000000
u_fsm/U40                 OAI21X1         osu05_stdcells  207.000000
u_fsm/U41                 OAI21X1         osu05_stdcells  207.000000
u_fsm/U42                 OAI21X1         osu05_stdcells  207.000000
u_fsm/U43                 NOR2X1          osu05_stdcells  216.000000
u_fsm/U44                 OAI21X1         osu05_stdcells  207.000000
u_fsm/U45                 OAI22X1         osu05_stdcells  360.000000
u_fsm/U46                 AOI21X1         osu05_stdcells  288.000000
u_fsm/U47                 NAND2X1         osu05_stdcells  216.000000
u_fsm/U48                 OAI21X1         osu05_stdcells  207.000000
u_fsm/U49                 NAND3X1         osu05_stdcells  324.000000
u_fsm/U50                 NAND2X1         osu05_stdcells  216.000000
u_fsm/U51                 OAI21X1         osu05_stdcells  207.000000
u_fsm/U52                 OAI21X1         osu05_stdcells  207.000000
u_fsm/U53                 OR2X1           osu05_stdcells  288.000000
u_fsm/U54                 NAND2X1         osu05_stdcells  216.000000
u_fsm/U55                 OAI21X1         osu05_stdcells  207.000000
u_fsm/U56                 OAI21X1         osu05_stdcells  207.000000
u_fsm/U57                 NAND2X1         osu05_stdcells  216.000000
u_fsm/U58                 OR2X1           osu05_stdcells  288.000000
u_fsm/U59                 AOI21X1         osu05_stdcells  288.000000
u_fsm/U60                 NAND2X1         osu05_stdcells  216.000000
u_fsm/U61                 OAI22X1         osu05_stdcells  360.000000
u_fsm/U62                 NOR2X1          osu05_stdcells  216.000000
u_fsm/U63                 OAI21X1         osu05_stdcells  207.000000
u_fsm/U64                 NOR2X1          osu05_stdcells  216.000000
u_fsm/U65                 AOI22X1         osu05_stdcells  360.000000
u_fsm/U66                 NAND3X1         osu05_stdcells  324.000000
u_fsm/U67                 NOR2X1          osu05_stdcells  216.000000
u_fsm/U68                 OAI21X1         osu05_stdcells  207.000000
u_fsm/U69                 NAND2X1         osu05_stdcells  216.000000
u_fsm/U70                 NOR2X1          osu05_stdcells  216.000000
u_fsm/U71                 NOR2X1          osu05_stdcells  216.000000
u_fsm/U72                 OAI21X1         osu05_stdcells  207.000000
u_fsm/U73                 OAI21X1         osu05_stdcells  207.000000
u_fsm/U74                 OAI21X1         osu05_stdcells  207.000000
u_fsm/U75                 OAI21X1         osu05_stdcells  207.000000
u_fsm/U76                 NAND2X1         osu05_stdcells  216.000000
u_fsm/U77                 OR2X1           osu05_stdcells  288.000000
u_fsm/U78                 AOI21X1         osu05_stdcells  288.000000
u_fsm/U79                 NAND3X1         osu05_stdcells  324.000000
u_fsm/U80                 NOR2X1          osu05_stdcells  216.000000
u_fsm/U81                 NOR3X1          osu05_stdcells  576.000000
u_fsm/U82                 NAND2X1         osu05_stdcells  216.000000
u_fsm/U83                 OR2X1           osu05_stdcells  288.000000
u_fsm/U84                 NAND3X1         osu05_stdcells  324.000000
u_fsm/U85                 NOR2X1          osu05_stdcells  216.000000
u_fsm/U86                 OAI21X1         osu05_stdcells  207.000000
u_fsm/U87                 OAI22X1         osu05_stdcells  360.000000
u_fsm/U88                 OAI21X1         osu05_stdcells  207.000000
u_fsm/U89                 OAI21X1         osu05_stdcells  207.000000
u_fsm/U90                 OAI21X1         osu05_stdcells  207.000000
u_fsm/U91                 NOR2X1          osu05_stdcells  216.000000
u_fsm/U92                 NAND3X1         osu05_stdcells  324.000000
u_fsm/U93                 NAND3X1         osu05_stdcells  324.000000
u_fsm/U94                 NAND3X1         osu05_stdcells  324.000000
u_fsm/U95                 NOR2X1          osu05_stdcells  216.000000
u_fsm/U96                 NOR2X1          osu05_stdcells  216.000000
u_fsm/U97                 NAND2X1         osu05_stdcells  216.000000
u_fsm/U98                 NAND3X1         osu05_stdcells  324.000000
u_fsm/U99                 NOR2X1          osu05_stdcells  216.000000
u_fsm/U100                OR2X1           osu05_stdcells  288.000000
u_fsm/U101                NOR2X1          osu05_stdcells  216.000000
u_fsm/U102                OAI21X1         osu05_stdcells  207.000000
u_fsm/U103                NAND2X1         osu05_stdcells  216.000000
u_fsm/U104                NOR2X1          osu05_stdcells  216.000000
u_fsm/U105                OAI21X1         osu05_stdcells  207.000000
u_fsm/U106                NOR2X1          osu05_stdcells  216.000000
u_fsm/U107                NAND3X1         osu05_stdcells  324.000000
u_fsm/U108                OR2X1           osu05_stdcells  288.000000
u_fsm/U109                NAND3X1         osu05_stdcells  324.000000
u_fsm/U110                NOR2X1          osu05_stdcells  216.000000
u_fsm/U111                NAND2X1         osu05_stdcells  216.000000
u_fsm/U112                NOR2X1          osu05_stdcells  216.000000
u_fsm/U113                NOR2X1          osu05_stdcells  216.000000
u_fsm/U114                NOR2X1          osu05_stdcells  216.000000
u_fsm/U115                NAND2X1         osu05_stdcells  216.000000
u_fsm/U116                NOR2X1          osu05_stdcells  216.000000
u_fsm/change_pulse_reg    DFFNEGX1        osu05_stdcells  864.000000
                                                                    n
u_fsm/change_start_pulse_reg
                          DFFNEGX1        osu05_stdcells  864.000000
                                                                    n
u_fsm/change_type_reg[0]  DFFNEGX1        osu05_stdcells  864.000000
                                                                    n
u_fsm/change_type_reg[1]  DFFNEGX1        osu05_stdcells  864.000000
                                                                    n
u_fsm/chg_denom_reg[0]    DFFNEGX1        osu05_stdcells  864.000000
                                                                    n
u_fsm/chg_denom_reg[1]    DFFNEGX1        osu05_stdcells  864.000000
                                                                    n
u_fsm/chg_done_pulse_reg  DFFNEGX1        osu05_stdcells  864.000000
                                                                    n
u_fsm/chg_sub_pulse_reg   DFFNEGX1        osu05_stdcells  864.000000
                                                                    n
u_fsm/cstate_reg[0]       DFFNEGX1        osu05_stdcells  864.000000
                                                                    n
u_fsm/cstate_reg[1]       DFFNEGX1        osu05_stdcells  864.000000
                                                                    n
u_fsm/cstate_reg[2]       DFFNEGX1        osu05_stdcells  864.000000
                                                                    n
u_fsm/dispense_id_reg[0]  DFFNEGX1        osu05_stdcells  864.000000
                                                                    n
u_fsm/dispense_id_reg[1]  DFFNEGX1        osu05_stdcells  864.000000
                                                                    n
u_fsm/dispense_valid_reg  DFFNEGX1        osu05_stdcells  864.000000
                                                                    n
u_fsm/do_add_coin_reg     DFFNEGX1        osu05_stdcells  864.000000
                                                                    n
u_fsm/do_clear_balance_reg
                          DFFNEGX1        osu05_stdcells  864.000000
                                                                    n
u_fsm/do_compute_change_reg
                          DFFNEGX1        osu05_stdcells  864.000000
                                                                    n
u_fsm/do_dec_inv_reg      DFFNEGX1        osu05_stdcells  864.000000
                                                                    n
u_fsm/do_latch_sel_reg    DFFNEGX1        osu05_stdcells  864.000000
                                                                    n
u_fsm/do_load_rem_from_bal_reg
                          DFFNEGX1        osu05_stdcells  864.000000
                                                                    n
u_fsm/err_code_reg[0]     DFFNEGX1        osu05_stdcells  864.000000
                                                                    n
u_fsm/err_code_reg[1]     DFFNEGX1        osu05_stdcells  864.000000
                                                                    n
u_fsm/state_reg[0]        DFFNEGX1        osu05_stdcells  864.000000
                                                                    n
u_fsm/state_reg[1]        DFFNEGX1        osu05_stdcells  864.000000
                                                                    n
u_fsm/state_reg[2]        DFFNEGX1        osu05_stdcells  864.000000
                                                                    n
u_fsm/status_code_reg[0]  DFFNEGX1        osu05_stdcells  864.000000
                                                                    n
u_fsm/status_code_reg[1]  DFFNEGX1        osu05_stdcells  864.000000
                                                                    n
--------------------------------------------------------------------------------
Total 496 cells                                           166905.000000
1
report_area 
 
****************************************
Report : area
Design : vending_top
Version: U-2022.12-SP7
Date   : Sun Apr 12 01:10:45 2026
****************************************

Information: Updating design information... (UID-85)
Library(s) Used:

    osu05_stdcells (File: /clear/apps/osu/soc/synopsys/lib/ami05/osu05_stdcells.db)

Number of ports:                           20
Number of nets:                           510
Number of cells:                          496
Number of combinational cells:            433
Number of sequential cells:                63
Number of macros/black boxes:               0
Number of buf/inv:                        108
Number of references:                      17

Combinational area:             112473.000000
Buf/Inv area:                    15768.000000
Noncombinational area:           54432.000000
Macro/Black Box area:                0.000000
Net Interconnect area:      undefined  (No wire load specified)

Total cell area:                166905.000000
Total area:                 undefined
1
report_timing -path full -delay max -max_paths 3 -nworst 1
 
****************************************
Report : timing
        -path full
        -delay max
        -max_paths 3
Design : vending_top
Version: U-2022.12-SP7
Date   : Sun Apr 12 01:10:45 2026
****************************************

Operating Conditions: typical   Library: osu05_stdcells
Wire Load Model Mode: top

  Startpoint: rst_n (input port clocked by clka)
  Endpoint: u_fsm/status_code_reg[1]
            (falling edge-triggered flip-flop clocked by clka)
  Path Group: clka
  Path Type: max

  Point                                                   Incr       Path
  --------------------------------------------------------------------------
  clock clka (rise edge)                                  0.00       0.00
  clock network delay (ideal)                             0.00       0.00
  input external delay                                    1.00       1.00 f
  rst_n (in)                                              0.52       1.52 f
  U26/Y (INVX2)                                           0.19       1.71 r
  U21/Y (BUFX2)                                           0.29       2.00 r
  U19/Y (INVX2)                                           0.44       2.44 f
  u_fsm/U84/Y (NAND3X1)                                   0.33       2.77 r
  U74/Y (INVX2)                                           0.10       2.87 f
  u_fsm/U80/Y (NOR2X1)                                    0.11       2.98 r
  u_fsm/U78/Y (AOI21X1)                                   0.10       3.09 f
  u_fsm/status_code_reg[1]/D (DFFNEGX1)                   0.00       3.09 f
  data arrival time                                                  3.09

  clock clka (fall edge)                                 10.00      10.00
  clock network delay (ideal)                             0.00      10.00
  u_fsm/status_code_reg[1]/CLK (DFFNEGX1)                 0.00      10.00 f
  library setup time                                     -0.37       9.63
  data required time                                                 9.63
  --------------------------------------------------------------------------
  data required time                                                 9.63
  data arrival time                                                 -3.09
  --------------------------------------------------------------------------
  slack (MET)                                                        6.55


  Startpoint: rst_n (input port clocked by clka)
  Endpoint: u_fsm/chg_sub_pulse_reg
            (falling edge-triggered flip-flop clocked by clka)
  Path Group: clka
  Path Type: max

  Point                                                   Incr       Path
  --------------------------------------------------------------------------
  clock clka (rise edge)                                  0.00       0.00
  clock network delay (ideal)                             0.00       0.00
  input external delay                                    1.00       1.00 f
  rst_n (in)                                              0.52       1.52 f
  U26/Y (INVX2)                                           0.19       1.71 r
  U21/Y (BUFX2)                                           0.29       2.00 r
  U19/Y (INVX2)                                           0.44       2.44 f
  u_fsm/U94/Y (NAND3X1)                                   0.30       2.74 r
  U72/Y (INVX2)                                           0.12       2.86 f
  u_fsm/U91/Y (NOR2X1)                                    0.09       2.95 r
  u_fsm/U90/Y (OAI21X1)                                   0.10       3.05 f
  u_fsm/chg_sub_pulse_reg/D (DFFNEGX1)                    0.00       3.05 f
  data arrival time                                                  3.05

  clock clka (fall edge)                                 10.00      10.00
  clock network delay (ideal)                             0.00      10.00
  u_fsm/chg_sub_pulse_reg/CLK (DFFNEGX1)                  0.00      10.00 f
  library setup time                                     -0.37       9.63
  data required time                                                 9.63
  --------------------------------------------------------------------------
  data required time                                                 9.63
  data arrival time                                                 -3.05
  --------------------------------------------------------------------------
  slack (MET)                                                        6.59


  Startpoint: rst_n (input port clocked by clka)
  Endpoint: u_fsm/change_pulse_reg
            (falling edge-triggered flip-flop clocked by clka)
  Path Group: clka
  Path Type: max

  Point                                    Incr       Path
  -----------------------------------------------------------
  clock clka (rise edge)                   0.00       0.00
  clock network delay (ideal)              0.00       0.00
  input external delay                     1.00       1.00 f
  rst_n (in)                               0.52       1.52 f
  U26/Y (INVX2)                            0.19       1.71 r
  U21/Y (BUFX2)                            0.29       2.00 r
  U19/Y (INVX2)                            0.44       2.44 f
  u_fsm/U94/Y (NAND3X1)                    0.30       2.74 r
  U72/Y (INVX2)                            0.12       2.86 f
  u_fsm/U91/Y (NOR2X1)                     0.09       2.95 r
  u_fsm/U90/Y (OAI21X1)                    0.10       3.05 f
  u_fsm/change_pulse_reg/D (DFFNEGX1)      0.00       3.05 f
  data arrival time                                   3.05

  clock clka (fall edge)                  10.00      10.00
  clock network delay (ideal)              0.00      10.00
  u_fsm/change_pulse_reg/CLK (DFFNEGX1)
                                           0.00      10.00 f
  library setup time                      -0.37       9.63
  data required time                                  9.63
  -----------------------------------------------------------
  data required time                                  9.63
  data arrival time                                  -3.05
  -----------------------------------------------------------
  slack (MET)                                         6.59


1
report_power
Loading db file '/clear/apps/osu/soc/synopsys/lib/ami05/osu05_stdcells.db'
Information: Propagating switching activity (low effort zero delay simulation). (PWR-6)
Warning: Design has unannotated primary inputs. (PWR-414)
Warning: Design has unannotated sequential cell outputs. (PWR-415)
 
****************************************
Report : power
        -analysis_effort low
Design : vending_top
Version: U-2022.12-SP7
Date   : Sun Apr 12 01:10:45 2026
****************************************


Library(s) Used:

    osu05_stdcells (File: /clear/apps/osu/soc/synopsys/lib/ami05/osu05_stdcells.db)


Operating Conditions: typical   Library: osu05_stdcells
Wire Load Model Mode: top


Global Operating Voltage = 5    
Power-specific unit information :
    Voltage Units = 1V
    Capacitance Units = 1.000000pf
    Time Units = 1ns
    Dynamic Power Units = 1mW    (derived from V,C,T units)
    Leakage Power Units = 1nW


Attributes
----------
i - Including register clock pin internal power


  Cell Internal Power  =   3.2524 mW   (80%)
  Net Switching Power  = 833.5126 uW   (20%)
                         ---------
Total Dynamic Power    =   4.0859 mW  (100%)

Cell Leakage Power     =  48.1972 nW


                 Internal         Switching           Leakage            Total
Power Group      Power            Power               Power              Power   (   %    )  Attrs
--------------------------------------------------------------------------------------------------
io_pad             0.0000            0.0000            0.0000            0.0000  (   0.00%)
memory             0.0000            0.0000            0.0000            0.0000  (   0.00%)
black_box          0.0000            0.0000            0.0000            0.0000  (   0.00%)
clock_network      2.0062            0.0000            0.0000            2.0062  (  49.10%)  i
register           0.2166            0.1079            6.6735            0.3245  (   7.94%)
sequential         0.5274        4.1335e-03            8.8980            0.5315  (  13.01%)
combinational      0.5022            0.7215           32.6258            1.2237  (  29.95%)
--------------------------------------------------------------------------------------------------
Total              3.2524 mW         0.8335 mW        48.1972 nW         4.0860 mW
1
redirect timing.rep { report_timing }
redirect cell.rep { report_cell }
redirect power.rep { report_power }
quit

Memory usage for this session 112 Mbytes.
Memory usage for this session including child processes 112 Mbytes.
CPU usage for this session 6 seconds ( 0.00 hours ).
Elapsed time for this session 7 seconds ( 0.00 hours ).

Thank you...
