
Cadence Innovus(TM) Implementation System.
Copyright 2025 Cadence Design Systems, Inc. All rights reserved worldwide.

Version:	v25.10-p002_1, built Wed Apr 23 12:43:30 PDT 2025
Options:	-init innovus.tcl -log innovus.log -overwrite 
Date:		Sun Apr 12 01:37:15 2026
Host:		cobalt.clear8.rice.edu (x86_64 w/Linux 4.18.0-553.89.1.el8_10.x86_64) (10cores*40cpus*Intel(R) Xeon(R) CPU E5-2640 v4 @ 2.40GHz 25600KB)
OS:		Red Hat Enterprise Linux 8.10 (Ootpa)

License:
		[01:37:15.380809] Configured Lic search path (25.01-s002): 5280@cadence.lic.rice.edu

		invs	Innovus Implementation System	25.1	checkout succeeded
		8 CPU jobs allowed with the current license(s). Use setMultiCpuUsage to set your required CPU count.

**Info: Common UI will be the default UI for innovus in the next major release. Please use -legacy_ui when invoking innovus if you wish to continue to use legacy UI.
Change the soft stacksize limit to 0.2%RAM (256 mbytes). Set global soft_stack_size_limit to change the value.
Info: Process UID = 278685 / b0b95624-17fc-43c9-ac25-dd38c03ee094 / TU5AVHQYrF
Loading attribute definitions from mini dummy db...
Info: Defined 24274 Synthesis attributes
Info: Skipped defining 1017 Synthesis attributes already defined in Innovus

**INFO:  MMMC transition support version v31-84 

<CMD> set_global _enable_mmmc_by_default_flow      $CTE::mmmc_default
<CMD> suppressMessage ENCEXT-2799
<CMD> getVersion
[INFO] Loading Pegasus 24.12 fill procedures
Sourcing file "innovus.tcl" ...
source innovus.tcl
<CMD> set_global _enable_mmmc_by_default_flow      $CTE::mmmc_default
<CMD> set init_verilog vending_top.vh
<CMD> set init_top_cell vending_top
<CMD> set init_lef_file /clear/apps/osu/soc/cadence/lib/ami05/lib/osu05_stdcells.lef
<CMD> set init_gnd_net gnd
<CMD> set init_design_settop 0
<CMD> set init_pwr_net vdd
<CMD> init_design

Loading LEF file /clear/apps/osu/soc/cadence/lib/ami05/lib/osu05_stdcells.lef ...
**WARN: (IMPLF-108):	There is no overlap layer defined in any LEF file
so you are unable to create rectilinear partition in a hierarchical flow.
Set DBUPerIGU to M2 pitch 2400.

##  Check design process and node:  
##  Both design process and tech node are not set.

*** End library_loading (cpu=0.00min, real=0.00min, mem=0.3M, fe_cpu=0.61min, fe_real=1.15min, fe_mem=1968.3M) ***
#% Begin Load netlist data ... (date=04/12 01:38:24, mem=1968.3M)
*** Begin netlist parsing (mem=1968.3M) ***
Created 0 new cells from 0 timing libraries.
Reading netlist ...
Backslashed names will retain backslash and a trailing blank character.
Reading verilog netlist 'vending_top.vh'

*** Memory Usage v#1 (Current mem = 1972.547M, initial mem = 941.625M) ***
*** End netlist parsing (cpu=0:00:00.0, real=0:00:00.0, mem=1972.5M) ***
#% End Load netlist data ... (date=04/12 01:38:24, total cpu=0:00:00.0, real=0:00:00.0, peak res=1973.0M, current mem=1973.0M)
Set top cell to vending_top.
Hooked 0 DB cells to tlib cells.
Starting recursive module instantiation check.
No recursion found.
Building hierarchical netlist for Cell vending_top ...
***** UseNewTieNetMode *****.
*** Netlist is unique.
** info: there are 41 modules.
** info: there are 496 stdCell insts.
** info: there are 496 stdCell insts with at least one signal pin.

*** Memory Usage v#1 (Current mem = 2008.598M, initial mem = 941.625M) ***
**WARN: (IMPFP-3961):	The techSite 'IO' has no related standard cells in the LEF/OA library. The calculations for this site type cannot be made unless standard cell models of this type exist in the LEF/OA library. Ignore this warning if the SITE is not used by the library. Alternatively, remove the SITE definition for the LEF/OA library to avoid this message.
Type 'man IMPFP-3961' for more detail.
**WARN: (IMPFP-3961):	The techSite 'corner' has no related standard cells in the LEF/OA library. The calculations for this site type cannot be made unless standard cell models of this type exist in the LEF/OA library. Ignore this warning if the SITE is not used by the library. Alternatively, remove the SITE definition for the LEF/OA library to avoid this message.
Type 'man IMPFP-3961' for more detail.
Horizontal Layer M1 offset = 1500 (derived)
Vertical Layer M2 offset = 1200 (derived)
Start create_tracks
Extraction setup Started for TopCell vending_top 

*** Summary of all messages that are not suppressed in this session:
Severity  ID               Count  Summary                                  
WARNING   IMPLF-108            1  There is no overlap layer defined in any...
WARNING   IMPFP-3961           2  The techSite '%s' has no related standar...
*** Message Summary: 3 warning(s), 0 error(s)

<CMD> saveDesign vending_top.enc
#% Begin save design ... (date=04/12 01:38:25, mem=2280.6M)
INFO: Current data have to be saved into a temporary db: 'vending_top.enc.dat.tmp' first. It will be renamed to the correct name 'vending_top.enc.dat' after the old db was deleted.
% Begin Save ccopt configuration ... (date=04/12 01:38:25, mem=2280.7M)
% End Save ccopt configuration ... (date=04/12 01:38:25, total cpu=0:00:00.1, real=0:00:00.0, peak res=2282.5M, current mem=2282.4M)
% Begin Save netlist data ... (date=04/12 01:38:25, mem=2300.1M)
Writing Binary DB to vending_top.enc.dat.tmp/vending_top.v.bin in single-threaded mode...
% End Save netlist data ... (date=04/12 01:38:25, total cpu=0:00:00.0, real=0:00:00.0, peak res=2302.6M, current mem=2300.6M)
Saving symbol-table file ...
Saving congestion map file vending_top.enc.dat.tmp/vending_top.route.congmap.gz ...
% Begin Save AAE data ... (date=04/12 01:38:26, mem=2301.4M)
Saving AAE Data ...
% End Save AAE data ... (date=04/12 01:38:26, total cpu=0:00:00.1, real=0:00:00.0, peak res=2331.2M, current mem=2303.4M)
Saving preference file vending_top.enc.dat.tmp/gui.pref.tcl ...
Saving mode setting ...
**WARN: (IMPMF-5054):	fill_setting_save command is obsolete and should not be used any more. It still works in this release but will be removed in future release. Recommend to use Pegasus metal fill flow which is the replacement.
Saving global file ...
% Begin Save floorplan data ... (date=04/12 01:38:27, mem=2304.9M)
Saving floorplan file ...
% End Save floorplan data ... (date=04/12 01:38:27, total cpu=0:00:00.0, real=0:00:00.0, peak res=2306.2M, current mem=2306.2M)
*info - save blackBox cells to lef file vending_top.enc.dat.tmp/vending_top.bbox.lef
Saving Drc markers ...
... No Drc file written since there is no markers found.
% Begin Save placement data ... (date=04/12 01:38:27, mem=2306.2M)
** Saving stdCellPlacement_binary (version# 2) ...
Save Adaptive View Pruning View Names to Binary file
% End Save placement data ... (date=04/12 01:38:27, total cpu=0:00:00.0, real=0:00:00.0, peak res=2306.9M, current mem=2306.9M)
% Begin Save routing data ... (date=04/12 01:38:27, mem=2306.9M)
Saving route file ...
*** Completed saveRoute (cpu=0:00:00.0 real=0:00:00.0 mem=2308.2M) ***
% End Save routing data ... (date=04/12 01:38:27, total cpu=0:00:00.1, real=0:00:00.0, peak res=2307.2M, current mem=2307.2M)
Saving property file vending_top.enc.dat.tmp/vending_top.prop
*** Completed saveProperty (cpu=0:00:00.1 real=0:00:01.0 mem=2311.7M) ***
% Begin Save power constraints data ... (date=04/12 01:38:28, mem=2309.4M)
% End Save power constraints data ... (date=04/12 01:38:28, total cpu=0:00:00.1, real=0:00:00.0, peak res=2309.4M, current mem=2309.4M)
Generated self-contained design vending_top.enc.dat.tmp
#% End save design ... (date=04/12 01:38:28, total cpu=0:00:01.9, real=0:00:03.0, peak res=2331.2M, current mem=2312.2M)

*** Summary of all messages that are not suppressed in this session:
Severity  ID               Count  Summary                                  
WARNING   IMPMF-5054           1  fill_setting_save command is obsolete an...
*** Message Summary: 1 warning(s), 0 error(s)

<CMD> getIoFlowFlag
<CMD> setIoFlowFlag 0
<CMD> floorPlan -r 1.0 0.8 21 21 21 21
Adjusting coreMargin left    to finFet grid (PlacementGrid) : after adjusting :21.6
Adjusting coreMargin right   to finFet grid (PlacementGrid) : after adjusting :21.6
Adjusting core size to PlacementGrid : width :477.6 height : 450
**WARN: (IMPFP-3961):	The techSite 'IO' has no related standard cells in the LEF/OA library. The calculations for this site type cannot be made unless standard cell models of this type exist in the LEF/OA library. Ignore this warning if the SITE is not used by the library. Alternatively, remove the SITE definition for the LEF/OA library to avoid this message.
Type 'man IMPFP-3961' for more detail.
**WARN: (IMPFP-3961):	The techSite 'corner' has no related standard cells in the LEF/OA library. The calculations for this site type cannot be made unless standard cell models of this type exist in the LEF/OA library. Ignore this warning if the SITE is not used by the library. Alternatively, remove the SITE definition for the LEF/OA library to avoid this message.
Type 'man IMPFP-3961' for more detail.
Horizontal Layer M1 offset = 1500 (derived)
Vertical Layer M2 offset = 1200 (derived)
Start create_tracks
**WARN: (IMPFP-325):	Floorplan of the design is resized. All current floorplan objects are automatically derived based on specified new floorplan. This may change blocks, fixed standard cells, existing routes and blockages.
<CMD> uiSetTool select
<CMD> getIoFlowFlag
<CMD> fit
<CMD> clearGlobalNets
<CMD> globalNetConnect gnd -type pgpin -pin gnd -inst *
<CMD> globalNetConnect vdd -type pgpin -pin vdd -inst *
<CMD> set sprCreateIeRingNets {}
<CMD> set sprCreateIeRingLayers {}
<CMD> set sprCreateIeRingWidth 1.2
<CMD> set sprCreateIeRingSpacing 1.2
<CMD> set sprCreateIeRingOffset 1.2
<CMD> set sprCreateIeRingThreshold 1.2
<CMD> set sprCreateIeRingJogDistance 1.2
<CMD> setPlaceMode -placeIoPins true
<CMD> setAddRingMode -stacked_via_top_layer metal3
<CMD> setAddRingMode -stacked_via_bottom_layer metal1
<CMD> addRing -skip_via_on_wire_shape Noshape -skip_via_on_pin Standardcell -center 1 -type core_rings -jog_distance 1.8 -threshold 1.8 -nets {gnd vdd} -follow core -layer {bottom metal1 top metal1 right metal2 left metal2} -width 6.0 -spacing 1.2 -offset 1.8
#% Begin addRing (date=04/12 01:38:28, mem=2314.9M)


viaInitial starts at Sun Apr 12 01:38:28 2026
**WARN: (IMPPP-556):	A SAMENET rule between different layers for a 4 layer technology is probably a mistake. Stacked vias will be difficult to create and probably will not be what expected. Check if this rule can be removed from the technology file: SAMENET cc via 0.150000 ;
**WARN: (IMPPP-556):	A SAMENET rule between different layers for a 4 layer technology is probably a mistake. Stacked vias will be difficult to create and probably will not be what expected. Check if this rule can be removed from the technology file: SAMENET via via2 0.150000 ;
**WARN: (IMPPP-557):	A single-layer VIARULE GENERATE for turn-vias is obsolete and is being ignored. Remove this statement from the technology file: VIARULE TURN1 GENERATE.
Type 'man IMPPP-557' for more detail.
**WARN: (IMPPP-557):	A single-layer VIARULE GENERATE for turn-vias is obsolete and is being ignored. Remove this statement from the technology file: VIARULE TURN2 GENERATE.
Type 'man IMPPP-557' for more detail.
**WARN: (IMPPP-557):	A single-layer VIARULE GENERATE for turn-vias is obsolete and is being ignored. Remove this statement from the technology file: VIARULE TURN3 GENERATE.
Type 'man IMPPP-557' for more detail.
viaInitial ends at Sun Apr 12 01:38:28 2026
Loading cell geometries (cpu: 0:00:00.0, real: 0:00:00.0, peak mem: 2315.4M)
Ring generation is complete.
vias are now being generated.
addRing created 8 wires.
ViaGen created 8 vias, deleted 0 via to avoid violation.
+--------+----------------+----------------+
|  Layer |     Created    |     Deleted    |
+--------+----------------+----------------+
| metal1 |        4       |       NA       |
|   via  |        8       |        0       |
| metal2 |        4       |       NA       |
+--------+----------------+----------------+
#% End addRing (date=04/12 01:38:28, total cpu=0:00:00.1, real=0:00:01.0, peak res=2317.9M, current mem=2317.9M)
<CMD> getPlaceMode -place_hierarchical_flow -quiet
<CMD> report_message -start_cmd
<CMD> getRouteMode -maxRouteLayer -quiet
<CMD> getRouteMode -user -maxRouteLayer
<CMD> getPlaceMode -place_global_place_io_pins -quiet
<CMD> getPlaceMode -user -maxRouteLayer
<CMD> getPlaceMode -quiet -adaptiveFlowMode
<CMD> getPlaceMode -timingDriven -quiet
<CMD> getPlaceMode -adaptive -quiet
<CMD> getPlaceMode -relaxSoftBlockageMode -quiet
<CMD> getPlaceMode -user -relaxSoftBlockageMode
<CMD> getPlaceMode -ignoreScan -quiet
<CMD> getPlaceMode -user -ignoreScan
<CMD> getPlaceMode -repairPlace -quiet
<CMD> getPlaceMode -user -repairPlace
<CMD> getPlaceMode -inPlaceOptMode -quiet
<CMD> getPlaceMode -quiet -bypassFlowEffortHighChecking
<CMD> getDesignMode -quiet -siPrevention
<CMD> getPlaceMode -quiet -place_global_exp_enable_3d
<CMD> getPlaceMode -quiet -place_global_exp_ignore_intra_ilm_out_of_corebox_check
<CMD> getPlaceMode -place_global_place_io_pins -quiet
<CMD> getPlaceMode -place_global_check_io_pins -quiet
*** placeDesign #1 [begin] () : totSession cpu/real = 0:00:39.5/0:00:55.6 (0.7), mem = 2318.9M
<CMD> getPlaceMode -exp_slack_driven -quiet
<CMD> um::push_snapshot_stack
<CMD> getDesignMode -quiet -flowEffort
<CMD> getDesignMode -highSpeedCore -quiet
<CMD> getPlaceMode -quiet -adaptive
<CMD> set spgFlowInInitialPlace 1
<CMD> getPlaceMode -sdpAlignment -quiet
<CMD> getPlaceMode -softGuide -quiet
<CMD> getPlaceMode -useSdpGroup -quiet
<CMD> getPlaceMode -sdpAlignment -quiet
<CMD> getPlaceMode -enableDbSaveAreaPadding -quiet
<CMD> getPlaceMode -quiet -wireLenOptEffort
<CMD> getPlaceMode -sdpPlace -quiet
<CMD> getPlaceMode -exp_slack_driven -quiet
<CMD> getPlaceMode -sdpPlace -quiet
<CMD> getPlaceMode -groupHighLevelClkGate -quiet
<CMD_INTERNAL> setvar spgRptErrorForScanConnection 0
<CMD> getPlaceMode -place_global_exp_allow_missing_scan_chain -quiet
<CMD> getPlaceMode -place_check_library -quiet
<CMD> getPlaceMode -place_detail_exp_enable_3d_hdb -quiet
<CMD> getPlaceMode -place_global_exp_heterogeneous_3d_placement -quiet
<CMD> getPlaceMode -trimView -quiet
<CMD> getPlaceMode -expTrimOptBeforeTDGP -quiet
<CMD> getPlaceMode -quiet -useNonTimingDeleteBufferTree
<CMD> getPlaceMode -congEffort -quiet
<CMD> getPlaceMode -relaxSoftBlockageMode -quiet
<CMD> getPlaceMode -user -relaxSoftBlockageMode
<CMD> getPlaceMode -ignoreScan -quiet
<CMD> getPlaceMode -user -ignoreScan
<CMD> getPlaceMode -repairPlace -quiet
<CMD> getPlaceMode -user -repairPlace
<CMD> getPlaceMode -congEffort -quiet
<CMD> getPlaceMode -fp -quiet
<CMD> getPlaceMode -timingDriven -quiet
<CMD> getPlaceMode -user -timingDriven
<CMD> getPlaceMode -fastFp -quiet
<CMD> getPlaceMode -clusterMode -quiet
<CMD> get_proto_model -type_match {flex_module flex_instgroup} -committed -name -tcl
<CMD> getPlaceMode -inPlaceOptMode -quiet
<CMD> getPlaceMode -quiet -bypassFlowEffortHighChecking
<CMD> getPlaceMode -ultraCongEffortFlow -quiet
<CMD> getPlaceMode -forceTiming -quiet
<CMD> getPlaceMode -fp -quiet
<CMD> getPlaceMode -fastfp -quiet
<CMD> getPlaceMode -timingDriven -quiet
**WARN: (IMPSP-9513):	Timing constraint file does not exist
**WARN: (IMPSP-9514):	Non-TimingDriven placement will be performed.
<CMD> setPlaceMode -timingDriven 0
<CMD> getPlaceMode -fp -quiet
<CMD> getPlaceMode -fastfp -quiet
<CMD> getPlaceMode -powerDriven -quiet
<CMD> getExtractRCMode -quiet -engine
<CMD> getAnalysisMode -quiet -clkSrcPath
<CMD> getAnalysisMode -quiet -clockPropagation
<CMD> getAnalysisMode -quiet -cppr
<CMD> setExtractRCMode -engine preRoute
<CMD> setAnalysisMode -clkSrcPath false -clockPropagation forcedIdeal
<CMD> getPlaceMode -exp_slack_driven -quiet
<CMD_INTERNAL> isAnalysisModeSetup
<CMD> getPlaceMode -quiet -place_global_exp_solve_unbalance_path
<CMD> getPlaceMode -quiet -NMPsuppressInfo
<CMD> getPlaceMode -quiet -place_global_exp_wns_focus_v2
<CMD> getPlaceMode -quiet -place_incr_exp_isolation_flow
<CMD> getPlaceMode -wl_budget_mode -quiet
<CMD> setPlaceMode -reset -place_global_exp_balance_buffer_chain
<CMD> getPlaceMode -wl_budget_mode -quiet
<CMD> setPlaceMode -reset -place_global_exp_balance_pipeline
<CMD> getPlaceMode -place_global_exp_balance_buffer_chain -quiet
<CMD> getPlaceMode -place_global_exp_balance_pipeline -quiet
<CMD> getPlaceMode -tdgpMemFlow -quiet
<CMD> getPlaceMode -user -resetCombineRFLevel
<CMD> getPlaceMode -quiet -resetCombineRFLevel
<CMD> setPlaceMode -resetCombineRFLevel 1000
<CMD> getPlaceMode -place_global_exp_skp_unbalanced_net_weight -quiet
<CMD> getPlaceMode -place_global_exp_skp_path_based_begin_point -quiet
<CMD_INTERNAL> setvar spgSpeedupBuildVSM 1
<CMD> getPlaceMode -tdgpResetCteTG -quiet
<CMD> getPlaceMode -macroPlaceMode -quiet
<CMD> getPlaceMode -place_global_replace_QP -quiet
<CMD> getPlaceMode -macroPlaceMode -quiet
<CMD> getPlaceMode -enableDistPlace -quiet
<CMD> getPlaceMode -exp_slack_driven -quiet
<CMD> getPlaceMode -place_global_ignore_spare -quiet
<CMD> getPlaceMode -quiet -expNewFastMode
<CMD> setPlaceMode -expHiddenFastMode 1
<CMD> setPlaceMode -reset -ignoreScan
<CMD> getPlaceMode -quiet -place_global_exp_auto_finish_floorplan
<CMD> getPlaceMode -quiet -IOSlackAdjust
*** Starting placeDesign default flow ***
<CMD> getPlaceMode -tdgpCteZeroDelayModeDelBuf -quiet
<CMD> set_global timing_enable_zero_delay_analysis_mode true
<CMD> getPlaceMode -quiet -useNonTimingDeleteBufferTree
<CMD> getPlaceMode -quiet -prePlaceOptSimplifyNetlist
<CMD> getPlaceMode -quiet -enablePrePlaceOptimizations
<CMD> getPlaceMode -quiet -prePlaceOptDecloneInv
<CMD> deleteBufferTree -decloneInv
<CMD> getPlaceMode -tdgpCteZeroDelayModeDelBuf -quiet
<CMD> set_global timing_enable_zero_delay_analysis_mode false
<CMD> getPlaceMode -exp_slack_driven -quiet
<CMD> all_setup_analysis_views
<CMD> getPlaceMode -quiet -expSkipGP
<CMD> getPlaceMode -quiet -place_global_exp_inverter_rewiring
<CMD> getPlaceMode -quiet -place_global_exp_enable_wdir_incrP_handoff
<CMD> getPlaceMode -ignoreUnproperPowerInit -quiet
<CMD> getPlaceMode -quiet -expSkipGP
*** ThreeLayerMode is automatically turned on for small designs with less than 4 layers.
Deleted 0 physical inst  (cell - / prefix -).
INFO: #ExclusiveGroups=0
INFO: There are no Exclusive Groups.
Extracting standard cell pins and blockage ...... 
Pin and blockage extraction finished
Extracting macro/IO cell pins and blockage ...... 
Pin and blockage extraction finished
*** Starting "NanoPlace(TM) placement v#2 (mem=2321.0M)" ...
<CMD> setDelayCalMode -engine feDc
No user-set net weight.
Net fanout histogram:
2		: 309 (60.6%) nets
3		: 78 (15.3%) nets
4     -	14	: 119 (23.3%) nets
15    -	39	: 4 (0.8%) nets
40    -	79	: 0 (0.0%) nets
80    -	159	: 0 (0.0%) nets
160   -	319	: 0 (0.0%) nets
320   -	639	: 0 (0.0%) nets
640   -	1279	: 0 (0.0%) nets
1280  -	2559	: 0 (0.0%) nets
2560  -	5119	: 0 (0.0%) nets
5120+		: 0 (0.0%) nets
#std cell=496 (0 fixed + 496 movable) #buf cell=0 #inv cell=0 #block=0 (0 floating + 0 preplaced)
#ioInst=0 #net=510 #term=1621 #term/net=3.18, #fixedIo=0, #floatIo=0, #fixedPin=0, #floatPin=20
stdCell: 496 single + 0 double + 0 multi
Total standard cell length = 5.7168 (mm), area = 0.1715 (mm^2)
Average module density = 0.798.
Density for the design = 0.798.
       = stdcell_area 2382 sites (171504 um^2) / alloc_area 2985 sites (214920 um^2).
Pin Density = 0.5430.
            = total # of pins 1621 / total area 2985.
[spp] 0
**WARN: (IMPSP-9531):	Turning off clkGateAware when timingDriven is off
=== lastAutoLevel = 5 
Iteration  1: Total net bbox = 2.063e-11 (0.00e+00 2.06e-11)
              Est.  stn bbox = 2.211e-11 (0.00e+00 2.21e-11)
              cpu = 0:00:00.0 real = 0:00:00.0 mem = 2336.5M
Iteration  2: Total net bbox = 2.063e-11 (0.00e+00 2.06e-11)
              Est.  stn bbox = 2.211e-11 (0.00e+00 2.21e-11)
              cpu = 0:00:00.0 real = 0:00:00.0 mem = 2336.5M
Iteration  3: Total net bbox = 2.759e+01 (1.17e+01 1.59e+01)
              Est.  stn bbox = 3.161e+01 (1.34e+01 1.82e+01)
              cpu = 0:00:00.0 real = 0:00:00.0 mem = 2344.7M
Iteration  4: Total net bbox = 1.881e+04 (9.89e+03 8.92e+03)
              Est.  stn bbox = 2.191e+04 (1.17e+04 1.02e+04)
              cpu = 0:00:00.4 real = 0:00:01.0 mem = 2344.8M
Iteration  5: Total net bbox = 2.852e+04 (1.49e+04 1.37e+04)
              Est.  stn bbox = 3.293e+04 (1.73e+04 1.56e+04)
              cpu = 0:00:00.5 real = 0:00:00.0 mem = 2345.5M
Iteration  6: Total net bbox = 3.110e+04 (1.57e+04 1.53e+04)
              Est.  stn bbox = 3.569e+04 (1.82e+04 1.75e+04)
              cpu = 0:00:00.4 real = 0:00:01.0 mem = 2348.7M
Iteration  7: Total net bbox = 3.182e+04 (1.67e+04 1.51e+04)
              Est.  stn bbox = 3.638e+04 (1.91e+04 1.72e+04)
              cpu = 0:00:01.5 real = 0:00:01.0 mem = 2350.4M
<CMD> psp::embedded_egr_init_
[NR-eGR] Started Early Global Route kernel ( Curr Mem: 2.27 MB )
<CMD> psp::embedded_egr_term_
Iteration  8: Total net bbox = 3.541e+04 (1.83e+04 1.71e+04)
              Est.  stn bbox = 4.017e+04 (2.08e+04 1.94e+04)
              cpu = 0:00:00.1 real = 0:00:00.0 mem = 2355.4M
Iteration  9: Total net bbox = 3.541e+04 (1.83e+04 1.71e+04)
              Est.  stn bbox = 4.017e+04 (2.08e+04 1.94e+04)
              cpu = 0:00:00.0 real = 0:00:00.0 mem = 2355.4M
*** cost = 3.541e+04 (1.83e+04 1.71e+04) (cpu for global=0:00:02.9) real=0:00:04.0***
Solver runtime cpu: 0:00:02.8 real: 0:00:03.1
Core Placement runtime cpu: 0:00:02.9 real: 0:00:04.0
<CMD> scanReorder
Begin: Reorder Scan Chains
**WARN: (IMPSP-9025):	No scan chain specified/traced.
Type 'man IMPSP-9025' for more detail.
End: Reorder Scan Chains
Disable CLEQ because CTE is in physical only mode.
*** Starting refinePlace (0:00:43.0 mem=2357.4M) ***
Total net bbox length = 3.566e+04 (1.829e+04 1.737e+04) (ext = 2.431e+03)
Move report: Detail placement moved 496 insts, mean move: 3.12 um, max move: 44.14 um 
	Max move on inst (U150): (112.66, 320.88) --> (98.40, 291.00)
	Runtime: CPU: 0:00:00.1 REAL: 0:00:01.0 MEM: 2359.8MB
Summary Report:
Instances moved: 496 (out of 496 movable)
Instances flipped: 0
Mean displacement: 3.12 um
Max displacement: 44.14 um (Instance: U150) (112.659, 320.879) -> (98.4, 291)
	Length: 2 sites, height: 1 rows, site name: core, cell type: INVX2
Physical-only instances moved: 0 (out of 0 movable physical-only)
Total net bbox length = 3.637e+04 (1.894e+04 1.743e+04) (ext = 2.429e+03)
Runtime: CPU: 0:00:00.1 REAL: 0:00:01.0 MEM: 2359.8MB
*** Finished refinePlace (0:00:43.1 mem=2359.8M) ***
*** End of Placement (cpu=0:00:03.2, real=0:00:05.0, mem=2359.8M) ***
default core: bins with density > 0.750 = 50.00 % ( 2 / 4 )
Density distribution unevenness ratio = 0.608%
Starting IO pin assignment...
The design is not routed. Using placement based method for pin assignment.
<CMD> getExtractRCMode -relative_c_th -quiet
<CMD> getExtractRCMode -coupling_c_th -quiet
<CMD> getExtractRCMode -total_c_th -quiet
<CMD> getDesignMode -pessimisticMode -quiet
<CMD> getExtractRCMode -lefTechFileMap -quiet
<CMD> getExtractRCMode -turboReduce -quiet
<CMD> getExtractRCMode -coupled -quiet
Completed IO pin assignment.
<CMD> setDelayCalMode -engine aae
<CMD> all_setup_analysis_views
<CMD> getPlaceMode -quiet -tdgpAdjustNetWeightBySlack
<CMD> get_ccopt_clock_trees *
<CMD> getPlaceMode -exp_insert_guidance_clock_tree -quiet
<CMD> getPlaceMode -exp_cluster_based_high_fanout_buffering -quiet
<CMD> getPlaceMode -quiet -place_global_exp_heterogeneous_3d_placement
<CMD> getPlaceMode -place_global_exp_incr_skp_preserve_mode_v2 -quiet
<CMD> getPlaceMode -quiet -place_global_exp_netlist_balance_flow
<CMD> getPlaceMode -quiet -place_global_exp_netlist_balance_flow
<CMD> getPlaceMode -quiet -place_global_high_effort_density_smoother
<CMD> getPlaceMode -quiet -timingEffort
<CMD> getPlaceMode -quiet -place_detail_exp_enable_full_fgc_in_pod
<CMD> getPlaceMode -quiet -place_detail_refinePlace_v3
<CMD> getPlaceMode -quiet -place_detail_refinePlace_v2
<CMD> getPlaceMode -quiet -place_detail_refinePlace_v2_pa_fgc_prects_on
<CMD> getPlaceMode -place_global_exp_tmp_invoke_fast_placer -quiet
<CMD> getPlaceMode -exp_slack_driven -quiet
<CMD> all_setup_analysis_views
<CMD> getPlaceMode -quiet -cong_repair_commit_clock_net_route_attr
<CMD> getPlaceMode -enableDbSaveAreaPadding -quiet
<CMD> getPlaceMode -quiet -wireLenOptEffort
<CMD> setPlaceMode -reset -improveWithPsp
<CMD> getPlaceMode -quiet -debugGlobalPlace
<CMD> getPlaceMode -congRepair -quiet
<CMD> getPlaceMode -fp -quiet
<CMD> getPlaceMode -user -rplaceIncrNPClkGateAwareMode
<CMD> getPlaceMode -user -congRepairMaxIter
<CMD> getPlaceMode -quiet -congRepairPDClkGateMode4
<CMD> setPlaceMode -rplaceIncrNPClkGateAwareMode 4
<CMD> getPlaceMode -quiet -expCongRepairPDOneLoop
<CMD> setPlaceMode -congRepairMaxIter 1
<CMD> getPlaceMode -quickCTS -quiet
<CMD> get_proto_model -type_match {flex_module flex_instgroup} -committed -name -tcl
<CMD> getPlaceMode -congRepairForceTrialRoute -quiet
<CMD> getPlaceMode -user -congRepairForceTrialRoute
<CMD> setPlaceMode -congRepairForceTrialRoute true
<CMD> ::goMC::is_advanced_metrics_collection_running
<CMD> congRepair
Info: Disable timing driven in postCTS congRepair.

Starting congRepair ...
*** ThreeLayerMode is automatically turned on for small designs with less than 4 layers.
[NR-eGR] Early global route reroute all routable nets
[NR-eGR] Track table information for default rule: 
[NR-eGR] metal1 has single uniform track structure
[NR-eGR] metal2 has single uniform track structure
[NR-eGR] metal3 has single uniform track structure
[NR-eGR] Read 12 PG shapes
[NR-eGR] Read 0 clock shapes
[NR-eGR] Read 0 other shapes
[NR-eGR] #Routing Blockages  : 0
[NR-eGR] #Bump Blockages     : 0
[NR-eGR] #Instance Blockages : 890
[NR-eGR] #PG Blockages       : 12
[NR-eGR] #Halo Blockages     : 0
[NR-eGR] #Boundary Blockages : 0
[NR-eGR] #Clock Blockages    : 0
[NR-eGR] #Other Blockages    : 0
[NR-eGR] #prerouted nets         : 0
[NR-eGR] #prerouted special nets : 0
[NR-eGR] #prerouted wires        : 0
[NR-eGR] Read 510 nets ( ignored 0 )
[NR-eGR] Handle net priority by net group ordering
[NR-eGR] == Routing rule table ==
[NR-eGR]  ID  Name       #Nets 
[NR-eGR] ----------------------
[NR-eGR]   0  (Default)    510 
[NR-eGR] Layer group 1: route 510 net(s) in layer range [2, 3]
[NR-eGR] Early Global Route overflow of layer group 1: 0.00% H + 0.00% V. EstWL: 3.879000e+04um
[NR-eGR] Congestion Analysis By layer: (blocked Gcells are excluded) 
[NR-eGR]                        OverCon            
[NR-eGR]                         #Gcell     %Gcell
[NR-eGR]        Layer             (1-0)    OverCon
[NR-eGR] ----------------------------------------------
[NR-eGR]  metal1 ( 1)         0( 0.00%)   ( 0.00%) 
[NR-eGR]  metal2 ( 2)         0( 0.00%)   ( 0.00%) 
[NR-eGR]  metal3 ( 3)         0( 0.00%)   ( 0.00%) 
[NR-eGR] ----------------------------------------------
[NR-eGR]        Total         0( 0.00%)   ( 0.00%) 
[NR-eGR] 
[NR-eGR] Overflow after Early Global Route 0.00% H + 0.00% V
[NR-eGR] Finished Early Global Route kernel ( CPU: 0.03 sec, Real: 0.03 sec, Curr Mem: 2.30 MB )
Early Global Route congestion estimation runtime: 0.04 seconds, mem = 2368.0M
Local HotSpot Analysis: normalized max congestion hotspot area = 0.00, normalized total congestion hotspot area = 0.00 (area is in unit of 4 std-cell row bins)
Skipped repairing congestion.
[NR-eGR] Connected 0 must-join pins/ports (post-process)
[NR-eGR] Total eGR-routed clock nets wire length: 0um, number of vias: 0
[NR-eGR] --------------------------------------------------------------------------
[NR-eGR]                 Length (um)  Vias 
[NR-eGR] ----------------------------------
[NR-eGR]  metal1  (1H)             0  1602 
[NR-eGR]  metal2  (2V)         23787  2164 
[NR-eGR]  metal3  (3H)         22042     0 
[NR-eGR] ----------------------------------
[NR-eGR]          Total        45829  3766 
[NR-eGR] --------------------------------------------------------------------------
[NR-eGR] Total half perimeter of net bounding box: 36117um
[NR-eGR] Total length: 45829um, number of vias: 3766
[NR-eGR] --------------------------------------------------------------------------
Early Global Route wiring runtime: 0.02 seconds, mem = 2368.9M
Tdgp not enabled or already been cleared! skip clearing
End of congRepair (cpu=0:00:00.1, real=0:00:00.0)
<CMD> ::goMC::is_advanced_metrics_collection_running
<CMD> ::goMC::is_advanced_metrics_collection_running
<CMD> ::goMC::is_advanced_metrics_collection_running
<CMD> setPlaceMode -reset -congRepairForceTrialRoute
<CMD> getPlaceMode -quiet -congRepairPDClkGateMode4
<CMD> setPlaceMode -reset -rplaceIncrNPClkGateAwareMode
<CMD> setPlaceMode -reset -congRepairMaxIter
<CMD> getPlaceMode -congRepairCleanupPadding -quiet
<CMD> getPlaceMode -quiet -wireLenOptEffort
<CMD> all_setup_analysis_views
<CMD> getPlaceMode -place_global_exp_incr_skp_preserve_mode_v2 -quiet
<CMD> getPlaceMode -quiet -place_global_exp_netlist_balance_flow
<CMD> getPlaceMode -quiet -place_global_exp_netlist_balance_flow
<CMD> getPlaceMode -quiet -place_global_high_effort_density_smoother
<CMD> getPlaceMode -quiet -timingEffort
<CMD> getPlaceMode -tdgpDumpStageTiming -quiet
*** Finishing placeDesign default flow ***
<CMD> getPlaceMode -quiet -tdgpAdjustNetWeightBySlack
**placeDesign ... cpu = 0: 0: 4, real = 0: 0: 5, mem = 2368.9M **
<CMD> getPlaceMode -trimView -quiet
<CMD> getOptMode -quiet -viewOptPolishing
<CMD> getOptMode -quiet -fastViewOpt
<CMD_INTERNAL> spInternalUse deleteViewOptManager
<CMD_INTERNAL> spInternalUse tdgp clearSkpData
Tdgp not enabled or already been cleared! skip clearing
<CMD> setAnalysisMode -clkSrcPath true -clockPropagation sdcControl
<CMD> getPlaceMode -exp_slack_driven -quiet
<CMD> setExtractRCMode -engine preRoute
<CMD> setPlaceMode -reset -relaxSoftBlockageMode
<CMD> setPlaceMode -reset -ignoreScan
<CMD> setPlaceMode -reset -repairPlace
<CMD> getPlaceMode -quiet -NMPsuppressInfo
<CMD_INTERNAL> setvar spgSpeedupBuildVSM 0
<CMD> getPlaceMode -macroPlaceMode -quiet
<CMD> getPlaceMode -place_global_replace_QP -quiet
<CMD> getPlaceMode -macroPlaceMode -quiet
<CMD> getPlaceMode -exp_slack_driven -quiet
<CMD> getPlaceMode -place_global_ignore_spare -quiet
<CMD> getPlaceMode -tdgpMemFlow -quiet
<CMD> setPlaceMode -reset -resetCombineRFLevel
<CMD> getPlaceMode -place_global_exp_skp_unbalanced_net_weight -quiet
<CMD> getPlaceMode -place_global_exp_skp_path_based_begin_point -quiet
<CMD> getPlaceMode -quiet -place_global_exp_solve_unbalance_path
<CMD> setPlaceMode -reset -expHiddenFastMode
<CMD> getPlaceMode -tcg2Pass -quiet
<CMD> getPlaceMode -quiet -wireLenOptEffort
<CMD> getPlaceMode -fp -quiet
<CMD> getPlaceMode -fastfp -quiet
<CMD> getPlaceMode -doRPlace -quiet
<CMD> getPlaceMode -RTCPlaceDesignFlow -quiet
<CMD> getPlaceMode -quickCTS -quiet
<CMD> set spgFlowInInitialPlace 0
<CMD> getPlaceMode -user -maxRouteLayer
<CMD_INTERNAL> spInternalUse TDGP resetIgnoreNetLoad
<CMD> getPlaceMode -place_global_exp_balance_pipeline -quiet
<CMD> getDesignMode -quiet -flowEffort
<CMD> report_message -end_cmd

*** Summary of all messages that are not suppressed in this session:
Severity  ID               Count  Summary                                  
WARNING   IMPSP-9513           1  Timing constraint file does not exist    
WARNING   IMPSP-9514           1  Non-TimingDriven placement will be perfo...
WARNING   IMPSP-9531           1  Turning off clkGateAware when timingDriv...
WARNING   IMPSP-9025           1  No scan chain specified/traced.          
WARNING   NRIF-95              2  Option setNanoRouteMode -routeTopRouting...
*** Message Summary: 6 warning(s), 0 error(s)

<CMD> um::create_snapshot -name final -auto min
<CMD> um::pop_snapshot_stack
<CMD> um::create_snapshot -name place_design
*** placeDesign #1 [finish] () : cpu/real = 0:00:03.8/0:00:05.1 (0.7), totSession cpu/real = 0:00:43.3/0:01:00.7 (0.7), mem = 2369.6M
<CMD> getPlaceMode -exp_slack_driven -quiet
<CMD> sroute -nets {vdd gnd}
#% Begin sroute (date=04/12 01:38:34, mem=2369.6M)
*** Begin SPECIAL ROUTE on Sun Apr 12 01:38:34 2026 ***
SPECIAL ROUTE ran on directory: /storage-home/y/yz305/Vending_Machine_FSM/Innovus
SPECIAL ROUTE ran on machine: cobalt.clear8.rice.edu (Linux 4.18.0-553.89.1.el8_10.x86_64 Xeon 3.40Ghz)

Begin option processing ...
srouteConnectPowerBump set to false
routeSelectNet set to "vdd gnd"
routeSpecial set to true
srouteConnectConverterPin set to false
srouteFollowCorePinEnd set to 3
srouteJogControl set to "preferWithChanges differentLayer"
sroutePadPinAllPorts set to true
sroutePreserveExistingRoutes set to true
srouteRoutePowerBarPortOnBothDir set to true
End option processing: cpu: 0:00:00, real: 0:00:00, peak: 174.00 megs.

Reading DB technology information...
Finished reading DB technology information.
Reading floorplan and netlist information...
Finished reading floorplan and netlist information.
Read in 6 layers, 3 routing layers, 0 overlap layer
Read in 34 macros, 17 used
Read in 496 components
  496 core components: 0 unplaced, 496 placed, 0 fixed
Read in 20 physical pins
  20 physical pins: 0 unplaced, 20 placed, 0 fixed
Read in 20 nets
Read in 2 special nets, 2 routed
Read in 1012 terminals
2 nets selected.

Begin power routing ...
**WARN: (IMPSR-1254):	Unable to connect the specified objects, since block pins of the vdd net were not found in the design. Check netlist or change the parameter value to include block pins in the design.
**WARN: (IMPSR-1256):	Unable to find any CORE class pad pin of the vdd net due to unavailability of the pin or check netlist in the routing area or layer. Change routing area or layer to include the expected pin or check netlist. Alternatively, change port class in the technology file.
Type 'man IMPSR-1256' for more detail.
Cannot find any AREAIO class pad pin of net vdd. Check net list, or change port class in the technology file, or change option to include pin in given range.
**WARN: (IMPSR-1254):	Unable to connect the specified objects, since block pins of the gnd net were not found in the design. Check netlist or change the parameter value to include block pins in the design.
**WARN: (IMPSR-1256):	Unable to find any CORE class pad pin of the gnd net due to unavailability of the pin or check netlist in the routing area or layer. Change routing area or layer to include the expected pin or check netlist. Alternatively, change port class in the technology file.
Type 'man IMPSR-1256' for more detail.
Cannot find any AREAIO class pad pin of net gnd. Check net list, or change port class in the technology file, or change option to include pin in given range.
CPU time for vdd FollowPin 0 seconds
CPU time for gnd FollowPin 0 seconds
  Number of IO ports routed: 0
  Number of Block ports routed: 0
  Number of Stripe ports routed: 0
  Number of Core ports routed: 32
  Number of Pad ports routed: 0
  Number of Power Bump ports routed: 0
  Number of Followpin connections: 16
End power routing: cpu: 0:00:00, real: 0:00:00, peak: 179.00 megs.



 Begin updating DB with routing results ...
 Updating DB with 20 io pins ...
 Updating DB with 0 via definition ...
sroute created 48 wires.
ViaGen created 32 vias, deleted 0 via to avoid violation.
+--------+----------------+----------------+
|  Layer |     Created    |     Deleted    |
+--------+----------------+----------------+
| metal1 |       48       |       NA       |
|   via  |       32       |        0       |
+--------+----------------+----------------+
#% End sroute (date=04/12 01:38:34, total cpu=0:00:00.2, real=0:00:00.0, peak res=2380.6M, current mem=2376.0M)
<CMD> saveDesign vending_top.enc
#% Begin save design ... (date=04/12 01:38:34, mem=2376.0M)
INFO: Current data have to be saved into a temporary db: 'vending_top.enc.dat.tmp' first. It will be renamed to the correct name 'vending_top.enc.dat' after the old db was deleted.
% Begin Save ccopt configuration ... (date=04/12 01:38:34, mem=2376.0M)
% End Save ccopt configuration ... (date=04/12 01:38:34, total cpu=0:00:00.0, real=0:00:00.0, peak res=2376.6M, current mem=2376.6M)
% Begin Save netlist data ... (date=04/12 01:38:34, mem=2376.6M)
Writing Binary DB to vending_top.enc.dat.tmp/vending_top.v.bin in single-threaded mode...
% End Save netlist data ... (date=04/12 01:38:34, total cpu=0:00:00.0, real=0:00:00.0, peak res=2376.6M, current mem=2376.6M)
Saving symbol-table file ...
Saving congestion map file vending_top.enc.dat.tmp/vending_top.route.congmap.gz ...
% Begin Save AAE data ... (date=04/12 01:38:35, mem=2376.6M)
Saving AAE Data ...
% End Save AAE data ... (date=04/12 01:38:35, total cpu=0:00:00.1, real=0:00:00.0, peak res=2404.3M, current mem=2376.2M)
Saving preference file vending_top.enc.dat.tmp/gui.pref.tcl ...
Saving mode setting ...
**WARN: (IMPMF-5054):	fill_setting_save command is obsolete and should not be used any more. It still works in this release but will be removed in future release. Recommend to use Pegasus metal fill flow which is the replacement.
Saving global file ...
% Begin Save floorplan data ... (date=04/12 01:38:36, mem=2378.2M)
Saving floorplan file ...
% End Save floorplan data ... (date=04/12 01:38:36, total cpu=0:00:00.1, real=0:00:00.0, peak res=2378.3M, current mem=2378.3M)
Saving PG file vending_top.enc.dat.tmp/vending_top.pg.gz, version#2, (Created by Innovus v25.10-p002_1 on Sun Apr 12 01:38:36 2026)
*** Completed savePGFile (cpu=0:00:00.0 real=0:00:00.0 mem=2378.3M) ***
*info - save blackBox cells to lef file vending_top.enc.dat.tmp/vending_top.bbox.lef
Saving Drc markers ...
... No Drc file written since there is no markers found.
% Begin Save placement data ... (date=04/12 01:38:36, mem=2378.3M)
** Saving stdCellPlacement_binary (version# 2) ...
Save Adaptive View Pruning View Names to Binary file
% End Save placement data ... (date=04/12 01:38:36, total cpu=0:00:00.1, real=0:00:00.0, peak res=2378.4M, current mem=2378.4M)
% Begin Save routing data ... (date=04/12 01:38:36, mem=2378.4M)
Saving route file ...
*** Completed saveRoute (cpu=0:00:00.0 real=0:00:00.0 mem=2379.2M) ***
% End Save routing data ... (date=04/12 01:38:36, total cpu=0:00:00.1, real=0:00:01.0, peak res=2378.4M, current mem=2378.4M)
Saving property file vending_top.enc.dat.tmp/vending_top.prop
*** Completed saveProperty (cpu=0:00:00.1 real=0:00:00.0 mem=2381.1M) ***
% Begin Save power constraints data ... (date=04/12 01:38:37, mem=2378.6M)
% End Save power constraints data ... (date=04/12 01:38:38, total cpu=0:00:00.0, real=0:00:01.0, peak res=2378.6M, current mem=2378.6M)
Generated self-contained design vending_top.enc.dat.tmp
#% End save design ... (date=04/12 01:38:43, total cpu=0:00:01.8, real=0:00:09.0, peak res=2404.3M, current mem=2378.6M)

*** Summary of all messages that are not suppressed in this session:
Severity  ID               Count  Summary                                  
WARNING   IMPMF-5054           1  fill_setting_save command is obsolete an...
*** Message Summary: 1 warning(s), 0 error(s)

<CMD> addFiller -cell FILL -prefix FILLER -markFixed
**WARN: (IMPSP-9057):	Fillers being added in a FIXED mode to the whole design. Some subsequent 
operations, such as antenna fixing, may fail due to fillers being marked 
as 'FIXED'. If this was not intended, use deleteFiller command to undo.
**Info: (IMPSP-2055): Transparent Filler Flow is OFF !

*INFO: Adding fillers to top-module.
*INFO:   Added 603 filler insts (cell FILL / prefix FILLER).
*INFO: Total 603 filler insts added - prefix FILLER (CPU: 0:00:00.1).
For 603 new insts, 
<CMD> routeDesign -globalDetail
#% Begin routeDesign (date=04/12 01:38:43, mem=2377.6M)
#routeDesign: cpu time = 00:00:00, elapsed time = 00:00:00, memory = 2377.65 (MB), peak = 2404.27 (MB)
AAE_INFO: Pre Route call back at the beginning of routeDesign
#**INFO: setDesignMode -flowEffort standard
#**INFO: setDesignMode -powerEffort none
#WARNING (NRIG-96) Selected single pass global detail route "-globalDetail". Clock eco and post optimizations will not be run. See "man NRIG-96" for more details.
**INFO: User settings:
setNanoRouteMode -route_route_side                      front
setNanoRouteMode -route_extract_third_party_compatible  false
setExtractRCMode -engine                                preRoute
setDelayCalMode -engine                                 aae
setDelayCalMode -ignoreNetLoad                          false

#No active setup or hold rc corner
#No active RC corner or QRC tech file is missing.
#**INFO: multi-cut via swapping will not be performed after routing.
#**INFO: All auto set options tuned by routeDesign will be restored to their original settings on command completion.
Begin checking placement ... (start mem=2378.8M, init mem=2378.8M)
*info: Placed = 1099           (Fixed = 603)
*info: Unplaced = 0           
Placement Density:100.00%(171504/171504)
Placement Density (including fixed std cells):100.00%(214920/214920)
Finished checkPlace (total: cpu=0:00:00.1, real=0:00:00.0; vio checks: cpu=0:00:00.0, real=0:00:00.0; mem=2378.9M)

changeUseClockNetStatus Option :  -ignoreSkipRoutingNets -noFixedNetWires 
*** Changed status on (0) nets in Clock.
*** End changeUseClockNetStatus (cpu=0:00:00.0, real=0:00:00.0, mem=2379.0M) ***
% Begin globalDetailRoute (date=04/12 01:38:43, mem=2379.7M)

globalDetailRoute

#Start globalDetailRoute on Sun Apr 12 01:38:43 2026
#
Updating RC Grid density data for preRoute extraction ...
#WARNING (NRIF-95) Option setNanoRouteMode -routeTopRoutingLayer has invalid value "0". Reset to max routing layer "3".
#NanoRoute Version 25.10-p002_1 NR250317-0405/25_10-UB
#WARNING (NRIF-95) Option setNanoRouteMode -routeTopRoutingLayer has invalid value "0". Reset to max routing layer "3".
#WARNING (NRIF-95) Option setNanoRouteMode -routeTopRoutingLayer has invalid value "0". Reset to max routing layer "3".
#WARNING (NRIF-95) Option setNanoRouteMode -routeTopRoutingLayer has invalid value "0". Reset to max routing layer "3".
#WARNING (NRIF-95) Option setNanoRouteMode -routeTopRoutingLayer has invalid value "0". Reset to max routing layer "3".
#Total number of trivial nets (e.g. < 2 pins) = 18 (skipped).
#Total number of routable nets = 510.
#Total number of nets in the design = 528.
#510 routable nets do not have any wires.
#510 nets will be global routed.
#WARNING (NRIF-95) Option setNanoRouteMode -routeTopRoutingLayer has invalid value "0". Reset to max routing layer "3".
#Start routing data preparation on Sun Apr 12 01:38:43 2026
#
#WARNING (NRIF-95) Option setNanoRouteMode -routeTopRoutingLayer has invalid value "0". Reset to max routing layer "3".
#WARNING (NRIF-95) Option setNanoRouteMode -routeTopRoutingLayer has invalid value "0". Reset to max routing layer "3".
#Rebuild pin access data for design.
#Initial pin access analysis.
#Detail pin access analysis.
# metal1       H   Track-Pitch = 3.0000    Line-2-Via Pitch = 1.9500
# metal2       V   Track-Pitch = 2.4000    Line-2-Via Pitch = 1.9500
# metal3       H   Track-Pitch = 3.0000    Line-2-Via Pitch = 2.5500
#Bottom routing layer index=1(metal1), bottom routing layer for shielding=1(metal1), bottom shield layer=1(metal1)
#shield_bottom_stripe_layer=1(metal1), shield_top_stripe_layer=3(metal3)
#pin_access_rlayer=2(metal2)
#shield_top_dpt_rlayer=-1 top_rlayer=3 top_trim_metal_rlayer=-1 rlayer_lowest=1 bottom_rlayer=1
#enable_trim_layer_shield=F enable_dpt_layer_shield=F has_line_end_grid=F
#enable_dpt_layer_shield=F
#has_line_end_grid=F
#cpu time = 00:00:00, elapsed time = 00:00:00, memory = 2392.20 (MB), peak = 2424.23 (MB)
#Regenerating Ggrids automatically.
#Auto generating G-grids with size=20 tracks, using layer metal2's pitch = 2.4000.
#Using automatically generated G-grids.
#Done routing data preparation.
#cpu time = 00:00:00, elapsed time = 00:00:00, memory = 2401.36 (MB), peak = 2424.23 (MB)
#WARNING (NRIF-95) Option setNanoRouteMode -routeTopRoutingLayer has invalid value "0". Reset to max routing layer "3".
#
#Finished routing data preparation on Sun Apr 12 01:38:43 2026
#
#Cpu time = 00:00:00
#Elapsed time = 00:00:00
#Increased memory = 15.88 (MB)
#Total memory = 2401.36 (MB)
#Peak memory = 2424.23 (MB)
#
#
#Start global routing on Sun Apr 12 01:38:43 2026
#
#
#Start global routing initialization on Sun Apr 12 01:38:43 2026
#
#Number of eco nets is 0
#
#Start global routing data preparation on Sun Apr 12 01:38:43 2026
#
#Start routing resource analysis on Sun Apr 12 01:38:43 2026
#
#Routing resource analysis is done on Sun Apr 12 01:38:43 2026
#
#  Resource Analysis:
#
#               Routing  #Avail      #Track     #Total     %Gcell
#  Layer      Direction   Track     Blocked      Gcell    Blocked
#  --------------------------------------------------------------
#  metal1         H           5         159         110    77.27%
#  metal2         V         155          62         110     0.00%
#  metal3         H         163           1         110     0.00%
#  --------------------------------------------------------------
#  Total                    323      41.94%         330    25.76%
#
#
#
#
#Global routing data preparation is done on Sun Apr 12 01:38:43 2026
#
#cpu time = 00:00:00, elapsed time = 00:00:00, memory = 2401.36 (MB), peak = 2424.23 (MB)
#
#
#Global routing initialization is done on Sun Apr 12 01:38:43 2026
#
#cpu time = 00:00:00, elapsed time = 00:00:00, memory = 2401.36 (MB), peak = 2424.23 (MB)
#
#start global routing iteration 1...
#cpu time = 00:00:00, elapsed time = 00:00:00, memory = 2403.86 (MB), peak = 2424.23 (MB)
#
#start global routing iteration 2...
#cpu time = 00:00:00, elapsed time = 00:00:00, memory = 2405.86 (MB), peak = 2424.23 (MB)
#
#start global routing iteration 3...
#cpu time = 00:00:00, elapsed time = 00:00:00, memory = 2405.86 (MB), peak = 2424.23 (MB)
#
#start global routing iteration 4...
#cpu time = 00:00:00, elapsed time = 00:00:00, memory = 2405.86 (MB), peak = 2424.23 (MB)
#
#
#Total number of trivial nets (e.g. < 2 pins) = 18 (skipped).
#Total number of routable nets = 510.
#Total number of nets in the design = 528.
#
#510 routable nets have routed wires.
#
#Routed nets constraints summary:
#-----------------------------
#        Rules   Unconstrained  
#-----------------------------
#      Default             510  
#-----------------------------
#        Total             510  
#-----------------------------
#
#Routing constraints summary of the whole design:
#-----------------------------
#        Rules   Unconstrained  
#-----------------------------
#      Default             510  
#-----------------------------
#        Total             510  
#-----------------------------
#
#WARNING (NRIF-95) Option setNanoRouteMode -routeTopRoutingLayer has invalid value "0". Reset to max routing layer "3".
#
#  Congestion Analysis: (blocked Gcells are excluded)
#
#                 OverCon       OverCon       OverCon          
#                  #Gcell        #Gcell        #Gcell    %Gcell
#     Layer         (1-2)         (3-4)         (5-6)   OverCon  Flow/Cap
#  --------------------------------------------------------------------------
#  metal1        0(0.00%)      0(0.00%)      0(0.00%)   (0.00%)     0.91  
#  metal2       17(15.5%)      8(7.27%)      7(6.36%)   (29.1%)     0.91  
#  metal3        6(5.45%)      0(0.00%)      0(0.00%)   (5.45%)     0.69  
#  --------------------------------------------------------------------------
#     Total     23(8.85%)      8(3.08%)      7(2.69%)   (14.6%)
#
#  The worst congested Gcell overcon (routing demand over resource in number of tracks) = 6
#  Overflow after GR: 2.31% H + 12.31% V
#
#Hotspot report including placement blocked areas
[hotspot] +----------------+-------------------+-------------------+-------------------------------------+
[hotspot] |      layer     |    max hotspot    |   total hotspot   |            hotspot bbox             |
[hotspot] +----------------+-------------------+-------------------+-------------------------------------+
[hotspot] |   metal1(H)    |              0.00 |              0.00 |   (none)                            |
[hotspot] |   metal2(V)    |             10.00 |             10.00 |    -0.15   119.85   520.95   479.85 |
[hotspot] |   metal3(H)    |              0.00 |              0.00 |   (none)                            |
[hotspot] +----------------+-------------------+-------------------+-------------------------------------+
[hotspot] |      worst     | (metal2)    10.00 | (metal2)    10.00 |                                     |
[hotspot] +----------------+-------------------+-------------------+-------------------------------------+
[hotspot] |   all layers   |             12.00 |             12.00 |                                     |
[hotspot] +----------------+-------------------+-------------------+-------------------------------------+
Local HotSpot Analysis (blockage included) (3d): normalized congestion max/total hotspot area = 12.00/12.00 (area is in unit of 4 std-cell row bins)
[hotspot] top 1 congestion hotspot bounding boxes and scores of all layers hotspot
[hotspot] +-----+-------------------------------------+---------------+-------------------------------+
[hotspot] | top |            hotspot bbox             | hotspot score |           module              |
[hotspot] +-----+-------------------------------------+---------------+-------------------------------+
[hotspot] |  1  |    -0.15    -0.15   520.95   479.85 |       12.00   |             NA                |
[hotspot] +-----+-------------------------------------+---------------+-------------------------------+
#Complete Global Routing.
#
#  Routing Statistics
#
#---------------+-----------+-----+
#  Layer        | Length(um)| Vias|
#---------------+-----------+-----+
#  poly ( 0H)   |          0|    0|
#  metal1 ( 1H) |          0| 1460|
#  metal2 ( 2V) |      21990|  808|
#  metal3 ( 3H) |      29457|    0|
#---------------+-----------+-----+
#  Total        |      51448| 2268|
#---------------+-----------+-----+
#
# Total half perimeter of net bounding box: 37331 um.
#WARNING (NRIF-95) Option setNanoRouteMode -routeTopRoutingLayer has invalid value "0". Reset to max routing layer "3".
#Max overcon = 6 tracks.
#Total overcon = 14.62%.
#Worst layer Gcell overcon rate = 5.45%.
#
#Global routing statistics:
#Cpu time = 00:00:00
#Elapsed time = 00:00:00
#Increased memory = 5.48 (MB)
#Total memory = 2406.84 (MB)
#Peak memory = 2424.23 (MB)
#
#Finished global routing on Sun Apr 12 01:38:44 2026
#
#
#WARNING (NRIF-95) Option setNanoRouteMode -routeTopRoutingLayer has invalid value "0". Reset to max routing layer "3".
#WARNING (NRIF-95) Option setNanoRouteMode -routeTopRoutingLayer has invalid value "0". Reset to max routing layer "3".
#cpu time = 00:00:00, elapsed time = 00:00:00, memory = 2406.84 (MB), peak = 2424.23 (MB)
#WARNING (NRIF-95) Option setNanoRouteMode -routeTopRoutingLayer has invalid value "0". Reset to max routing layer "3".
#Start Track Assignment.
#Done with 550 horizontal wires in 1 hboxes and 456 vertical wires in 1 hboxes.
#Done with 209 horizontal wires in 1 hboxes and 118 vertical wires in 1 hboxes.
#Done with 1 horizontal wires in 1 hboxes and 1 vertical wires in 1 hboxes.
#
#Track assignment summary:
# layer   (wire length)   (overlap)     (long ovlp)	(with obs/pg/clk)  
#------------------------------------------------------------------------
# metal1         0.00 	  0.00%  	  0.00% 	  0.00%
# metal2     20370.15 	  0.34%  	  0.00% 	  0.21%
# metal3     27862.80 	  0.36%  	  0.00% 	  0.00%
#------------------------------------------------------------------------
# All       48232.95  	  0.35% 	  0.00% 	  0.00%
#Complete Track Assignment.
#
#  Routing Statistics
#
#---------------+-----------+-----+
#  Layer        | Length(um)| Vias|
#---------------+-----------+-----+
#  poly ( 0H)   |          0|    0|
#  metal1 ( 1H) |          0| 1460|
#  metal2 ( 2V) |      20135|  808|
#  metal3 ( 3H) |      27672|    0|
#---------------+-----------+-----+
#  Total        |      47807| 2268|
#---------------+-----------+-----+
#
# Total half perimeter of net bounding box: 37331 um.
#cpu time = 00:00:00, elapsed time = 00:00:00, memory = 2406.97 (MB), peak = 2424.23 (MB)
#
#Routing data preparation, pin analysis, global routing and track assignment statistics:
#Cpu time = 00:00:01
#Elapsed time = 00:00:01
#Increased memory = 21.50 (MB)
#Total memory = 2406.97 (MB)
#Peak memory = 2424.23 (MB)
#WARNING (NRIF-95) Option setNanoRouteMode -routeTopRoutingLayer has invalid value "0". Reset to max routing layer "3".
#WARNING (NRIF-95) Option setNanoRouteMode -routeTopRoutingLayer has invalid value "0". Reset to max routing layer "3".
#WARNING (NRIF-95) Option setNanoRouteMode -routeTopRoutingLayer has invalid value "0". Reset to max routing layer "3".
#WARNING (NRIF-95) Option setNanoRouteMode -routeTopRoutingLayer has invalid value "0". Reset to max routing layer "3".
#Start reading timing information from file .timing_file_278685_b0b95624-17fc-43c9-ac25-dd38c03ee094.tif.gz ...
#WARNING (NRCM-25) File .timing_file_278685_b0b95624-17fc-43c9-ac25-dd38c03ee094.tif.gz does not exist.
#WARNING (NRDB-187) Cannot open file .timing_file_278685_b0b95624-17fc-43c9-ac25-dd38c03ee094.tif.gz.
#WARNING (NRDB-121) No slack were found on nets, SI driven not effective.
#
#Start Detail Routing..
#start initial detail routing ...
#   number of violations = 5
#
#  By Layer and Type:
#
#---------+------+-------+
#  -      | Short| Totals|
#---------+------+-------+
#  metal1 |     0|      0|
#  metal2 |     5|      5|
#  Totals |     5|      5|
#---------+------+-------+
#
#cpu time = 00:00:02, elapsed time = 00:00:02, memory = 2427.72 (MB), peak = 2481.02 (MB)
#start 1st optimization iteration ...
#   number of violations = 0
#cpu time = 00:00:00, elapsed time = 00:00:00, memory = 2429.23 (MB), peak = 2481.02 (MB)
#Complete Detail Routing.
#
#  Routing Statistics
#
#---------------+-----------+-----+
#  Layer        | Length(um)| Vias|
#---------------+-----------+-----+
#  poly ( 0H)   |          0|    0|
#  metal1 ( 1H) |       2830| 1526|
#  metal2 ( 2V) |      25573| 1066|
#  metal3 ( 3H) |      18778|    0|
#---------------+-----------+-----+
#  Total        |      47181| 2592|
#---------------+-----------+-----+
#
# Total half perimeter of net bounding box: 37331 um.
#Total number of DRC violations = 0
#Cpu time = 00:00:02
#Elapsed time = 00:00:02
#Increased memory = 20.37 (MB)
#Total memory = 2427.34 (MB)
#Peak memory = 2481.02 (MB)
#WARNING (NRIF-95) Option setNanoRouteMode -routeTopRoutingLayer has invalid value "0". Reset to max routing layer "3".
#WARNING (NRIF-95) Option setNanoRouteMode -routeTopRoutingLayer has invalid value "0". Reset to max routing layer "3".
#
#Start Post Route wire spreading..
#WARNING (EMS-27) Message (NRIF-95) has exceeded the current message display limit of 20.
#To increase the message display limit, refer to the product command reference manual.
#
#Start DRC checking..
#   number of violations = 0
#cpu time = 00:00:00, elapsed time = 00:00:00, memory = 2427.58 (MB), peak = 2481.02 (MB)
#CELL_VIEW vending_top,init has no DRC violation.
#Total number of DRC violations = 0
#
#Start data preparation for wire spreading...
#
#Data preparation is done on Sun Apr 12 01:38:46 2026
#
#
#Start Post Route Wire Spread.
#Done with 70 horizontal wires in 1 hboxes and 89 vertical wires in 1 hboxes.
#Complete Post Route Wire Spread.
#
#
#  Routing Statistics
#
#---------------+-----------+-----+
#  Layer        | Length(um)| Vias|
#---------------+-----------+-----+
#  poly ( 0H)   |          0|    0|
#  metal1 ( 1H) |       2830| 1526|
#  metal2 ( 2V) |      25804| 1066|
#  metal3 ( 3H) |      19132|    0|
#---------------+-----------+-----+
#  Total        |      47765| 2592|
#---------------+-----------+-----+
#
# Total half perimeter of net bounding box: 37331 um.
#
#Start DRC checking..
#   number of violations = 0
#cpu time = 00:00:00, elapsed time = 00:00:00, memory = 2427.05 (MB), peak = 2481.02 (MB)
#CELL_VIEW vending_top,init has no DRC violation.
#Total number of DRC violations = 0
#   number of violations = 0
#cpu time = 00:00:00, elapsed time = 00:00:00, memory = 2426.34 (MB), peak = 2481.02 (MB)
#CELL_VIEW vending_top,init has no DRC violation.
#Total number of DRC violations = 0
#Post Route wire spread is done.
#
#  Routing Statistics
#
#---------------+-----------+-----+
#  Layer        | Length(um)| Vias|
#---------------+-----------+-----+
#  poly ( 0H)   |          0|    0|
#  metal1 ( 1H) |       2830| 1526|
#  metal2 ( 2V) |      25804| 1066|
#  metal3 ( 3H) |      19132|    0|
#---------------+-----------+-----+
#  Total        |      47765| 2592|
#---------------+-----------+-----+
#
# Total half perimeter of net bounding box: 37331 um.
#detailRoute Statistics:
#Cpu time = 00:00:03
#Elapsed time = 00:00:03
#Increased memory = 19.37 (MB)
#Total memory = 2426.34 (MB)
#Peak memory = 2481.02 (MB)
#
#globalDetailRoute statistics:
#Cpu time = 00:00:03
#Elapsed time = 00:00:03
#Increased memory = 50.14 (MB)
#Total memory = 2429.83 (MB)
#Peak memory = 2481.02 (MB)
#Number of warnings = 24
#Total number of warnings = 29
#Number of fails = 0
#Total number of fails = 0
#Complete globalDetailRoute on Sun Apr 12 01:38:46 2026
#
% End globalDetailRoute (date=04/12 01:38:46, total cpu=0:00:03.4, real=0:00:04.0, peak res=2481.0M, current mem=2427.3M)
AAE_INFO: Post Route call back at the end of routeDesign
#routeDesign: cpu time = 00:00:04, elapsed time = 00:00:04, memory = 2427.32 (MB), peak = 2481.02 (MB)
#
#  Scalability Statistics
#
#----------------------------+---------+-------------+------------+
#  routeDesign               | cpu time| elapsed time| scalability|
#----------------------------+---------+-------------+------------+
#  Pre Callback              | 00:00:00|     00:00:00|         1.0|
#  Post Callback             | 00:00:00|     00:00:00|         1.0|
#  Timing Data Generation    | 00:00:00|     00:00:00|         1.0|
#  DB Import                 | 00:00:00|     00:00:00|         1.0|
#  DB Export                 | 00:00:00|     00:00:00|         1.0|
#  Cell Pin Access           | 00:00:00|     00:00:00|         1.0|
#  Data Preparation          | 00:00:00|     00:00:00|         1.0|
#  Global Routing            | 00:00:00|     00:00:00|         1.0|
#  Track Assignment          | 00:00:00|     00:00:00|         1.0|
#  Detail Routing            | 00:00:02|     00:00:02|         1.0|
#  Post Route Wire Spreading | 00:00:00|     00:00:00|         1.0|
#  Entire Command            | 00:00:04|     00:00:04|         1.0|
#----------------------------+---------+-------------+------------+
#

*** Summary of all messages that are not suppressed in this session:
Severity  ID               Count  Summary                                  
WARNING   NRDB-121             1  No slack were found on nets, SI driven n...
WARNING   NRDB-187             1  Cannot open file %s.                     
WARNING   NRCM-25              1  File %s does not exist.                  
WARNING   NRIF-95             28  Option setNanoRouteMode -routeTopRouting...
*** Message Summary: 31 warning(s), 0 error(s)

#% End routeDesign (date=04/12 01:38:47, total cpu=0:00:03.7, real=0:00:04.0, peak res=2481.0M, current mem=2427.3M)
 *** Starting Verify Geometry (MEM: 2427.3) ***

**WARN: (IMPVFG-257):	setVerifyGeometryMode/verifyGeometry command is obsolete and should not be used any more. It still works in this release but will be removed in future release. You should change to use set_verify_drc_mode/verify_drc which is the replacement tool for verifyGeometry.
  VERIFY GEOMETRY ...... Starting Verification
  VERIFY GEOMETRY ...... Initializing
  VERIFY GEOMETRY ...... Deleting Existing Violations
  VERIFY GEOMETRY ...... Creating Sub-Areas
                  ...... bin size: 9600
VG: elapsed time: 0.00
Begin Summary ...
  Cells       : 0
  SameNet     : 0
  Wiring      : 0
  Antenna     : 0
  Short       : 0
  Overlap     : 0
End Summary

  Verification Complete : 0 Viols.  0 Wrngs.

**********End: VERIFY GEOMETRY**********
 *** verify geometry (CPU: 0:00:00.3  MEM: 53.7M)

<CMD> verifyConnectivity -type all -noAntenna
VERIFY_CONNECTIVITY use new engine.

******** Start: VERIFY CONNECTIVITY ********
Start Time: Sun Apr 12 01:38:47 2026

Design Name: vending_top
Database Units: 1000
Design Boundary: (0.0000, 0.0000) (520.8000, 492.0000)
Error Limit = 1000; Warning Limit = 50
Check all nets

Begin Summary 
  Found no problems or warnings.
End Summary

End Time: Sun Apr 12 01:38:47 2026
Time Elapsed: 0:00:00.0

******** End: VERIFY CONNECTIVITY ********
  Verification Complete : 0 Viols.  0 Wrngs.
  (CPU Time: 0:00:00.0  MEM: 0.000M)

<CMD> setStreamOutMode -snapToMGrid true -supportPathType4 false
<CMD> streamOut final.gds -mapFile /clear/apps/osu/soc/cadence/flow/ami05/gds2_encounter.map -libName DesignLib -units 100 -merge /clear/apps/osu/soc/cadence/lib/source/gds2/osu05_stdcells.gds2 -mode ALL
Parse flat map file '/clear/apps/osu/soc/cadence/flow/ami05/gds2_encounter.map'
Merge file: /clear/apps/osu/soc/cadence/lib/source/gds2/osu05_stdcells.gds2 has version number: 3
Writing GDSII file ...
	****** db unit per micron = 1000 ******
	****** output gds2 file unit per micron = 100 ******
	****** unit scaling factor = 0.1 ******
**WARN: (IMPOGDS-250):	Specified unit is smaller than the one in db. You may have rounding problems
Output for instance
Output for bump
Convert 0 swires and 0 svias from compressed groups
Convert 0 swires and 0 svias from compressed groups
Scanning GDS file /clear/apps/osu/soc/cadence/lib/source/gds2/osu05_stdcells.gds2 to register cell name ......
Output for physical terminals
Output for logical terminals
Output for regular nets
Output for special nets and metal fills
Output for via structure generation total number 4
Statistics for GDS generated (version 3)
----------------------------------------
Stream Out Layer Mapping Information:
GDS Layer Number          GDS Layer Name
----------------------------------------
    61                              via2
    50                               via
    62                            metal3
    49                            metal1
    51                            metal2


Stream Out Information Processed for GDS version 3:
Units: 100 DBU

Object                             Count
----------------------------------------
Instances                           1099

Ports/Pins                            20
    metal layer metal2                12
    metal layer metal3                 8

Nets                                4067
    metal layer metal1               613
    metal layer metal2              2483
    metal layer metal3               971

    Via Instances                   2592

Special Nets                          56
    metal layer metal1                52
    metal layer metal2                 4

    Via Instances                     40

Metal Fills                            0

    Via Instances                      0

Metal FillOPCs                         0

    Via Instances                      0

Metal FillDRCs                         0

    Via Instances                      0

Text                                  22
    metal layer metal2                14
    metal layer metal3                 8


Blockages                              0


Custom Text                            0


Custom Box                             0

Trim Metal                             0

Merging GDS file /clear/apps/osu/soc/cadence/lib/source/gds2/osu05_stdcells.gds2 ......
	****** Merge file: /clear/apps/osu/soc/cadence/lib/source/gds2/osu05_stdcells.gds2 has version number: 3.
	****** Merge file: /clear/apps/osu/soc/cadence/lib/source/gds2/osu05_stdcells.gds2 has units: 1000 per micron.
	****** unit scaling factor = 0.1 ******
**WARN: (IMPOGDS-215):	Merge file : /clear/apps/osu/soc/cadence/lib/source/gds2/osu05_stdcells.gds2 has larger units than output file units. You may have rounding problem.
**WARN: (IMPOGDS-280):	Maximum units in merge file is 1000. Use -units 1000 to avoid rounding issue.
######Streamout is finished!
<CMD> saveNetlist final.v
Writing Netlist "final.v" ...
<CMD> saveDesign vending_top.enc
#% Begin save design ... (date=04/12 01:38:47, mem=2430.4M)
INFO: Current data have to be saved into a temporary db: 'vending_top.enc.dat.tmp' first. It will be renamed to the correct name 'vending_top.enc.dat' after the old db was deleted.
% Begin Save ccopt configuration ... (date=04/12 01:38:47, mem=2430.4M)
% End Save ccopt configuration ... (date=04/12 01:38:47, total cpu=0:00:00.0, real=0:00:00.0, peak res=2430.7M, current mem=2430.7M)
% Begin Save netlist data ... (date=04/12 01:38:47, mem=2430.7M)
Writing Binary DB to vending_top.enc.dat.tmp/vending_top.v.bin in single-threaded mode...
% End Save netlist data ... (date=04/12 01:38:47, total cpu=0:00:00.0, real=0:00:00.0, peak res=2430.7M, current mem=2430.7M)
Saving symbol-table file ...
Saving congestion map file vending_top.enc.dat.tmp/vending_top.route.congmap.gz ...
% Begin Save AAE data ... (date=04/12 01:38:48, mem=2430.7M)
Saving AAE Data ...
% End Save AAE data ... (date=04/12 01:38:48, total cpu=0:00:00.1, real=0:00:00.0, peak res=2430.7M, current mem=2430.0M)
Saving preference file vending_top.enc.dat.tmp/gui.pref.tcl ...
Saving mode setting ...
**WARN: (IMPMF-5054):	fill_setting_save command is obsolete and should not be used any more. It still works in this release but will be removed in future release. Recommend to use Pegasus metal fill flow which is the replacement.
Saving global file ...
% Begin Save floorplan data ... (date=04/12 01:38:49, mem=2430.6M)
Saving floorplan file ...
% End Save floorplan data ... (date=04/12 01:38:49, total cpu=0:00:00.1, real=0:00:00.0, peak res=2430.6M, current mem=2430.6M)
Saving PG file vending_top.enc.dat.tmp/vending_top.pg.gz, version#2, (Created by Innovus v25.10-p002_1 on Sun Apr 12 01:38:49 2026)
*** Completed savePGFile (cpu=0:00:00.0 real=0:00:00.0 mem=2430.6M) ***
*info - save blackBox cells to lef file vending_top.enc.dat.tmp/vending_top.bbox.lef
Saving Drc markers ...
... No Drc file written since there is no markers found.
% Begin Save placement data ... (date=04/12 01:38:49, mem=2430.6M)
** Saving stdCellPlacement_binary (version# 2) ...
Save Adaptive View Pruning View Names to Binary file
% End Save placement data ... (date=04/12 01:38:49, total cpu=0:00:00.1, real=0:00:00.0, peak res=2430.6M, current mem=2430.6M)
% Begin Save routing data ... (date=04/12 01:38:49, mem=2430.6M)
Saving route file ...
*** Completed saveRoute (cpu=0:00:00.0 real=0:00:01.0 mem=2431.7M) ***
% End Save routing data ... (date=04/12 01:38:50, total cpu=0:00:00.1, real=0:00:01.0, peak res=2430.7M, current mem=2430.7M)
Saving property file vending_top.enc.dat.tmp/vending_top.prop
*** Completed saveProperty (cpu=0:00:00.1 real=0:00:00.0 mem=2433.3M) ***
#Saving pin access data to file vending_top.enc.dat.tmp/vending_top.apa ...
#
% Begin Save power constraints data ... (date=04/12 01:38:50, mem=2431.0M)
% End Save power constraints data ... (date=04/12 01:38:50, total cpu=0:00:00.1, real=0:00:00.0, peak res=2431.0M, current mem=2431.0M)
Generated self-contained design vending_top.enc.dat.tmp
#% End save design ... (date=04/12 01:38:51, total cpu=0:00:01.8, real=0:00:04.0, peak res=2431.4M, current mem=2431.4M)

*** Summary of all messages that are not suppressed in this session:
Severity  ID               Count  Summary                                  
WARNING   IMPMF-5054           1  fill_setting_save command is obsolete an...
*** Message Summary: 1 warning(s), 0 error(s)

<CMD> win

--------------------------------------------------------------------------------
Exiting Innovus on Sun Apr 12 01:39:56 2026
  Total CPU time:     0:00:57
  Total real time:    0:02:43
  Peak memory (main): 2566.84MB


*** Memory Usage v#1 (Current mem = 2566.844M, initial mem = 941.625M) ***
*** Message Summary: 62 warning(s), 0 error(s)

--- Ending "Innovus" (totcpu=0:00:53.0, real=0:02:41, mem=2566.8M) ---
